{"/home/travis/build/npmtest/node-npmtest-lory.js/test.js":{"path":"/home/travis/build/npmtest/node-npmtest-lory.js/test.js","s":{"1":2,"2":2,"3":2,"4":2,"5":2,"6":2,"7":2,"8":1,"9":2,"10":2,"11":1,"12":1,"13":1,"14":1,"15":2,"16":2,"17":2,"18":2,"19":1,"20":1,"21":2,"22":2,"23":2,"24":1,"25":1,"26":1,"27":1,"28":1,"29":1,"30":1,"31":1,"32":1,"33":1,"34":1,"35":1,"36":1,"37":1,"38":1,"39":2,"40":2,"41":1,"42":2,"43":2,"44":1,"45":2,"46":2,"47":1,"48":2,"49":2,"50":1,"51":1,"52":1,"53":1,"54":1},"b":{"1":[2,1,1,1],"2":[1,1,1,1],"3":[1,1],"4":[1,1],"5":[1,1],"6":[1,1],"7":[1,1],"8":[1,1],"9":[1,1],"10":[1,1,1],"11":[1,1],"12":[1,1],"13":[1,1],"14":[1,1],"15":[1,1],"16":[1,1],"17":[1,1]},"f":{"1":2,"2":2,"3":2,"4":2,"5":2,"6":1,"7":1,"8":1,"9":2,"10":2,"11":2,"12":2,"13":1},"fnMap":{"1":{"name":"(anonymous_1)","line":12,"loc":{"start":{"line":12,"column":1},"end":{"line":12,"column":13}}},"2":{"name":"(anonymous_2)","line":19,"loc":{"start":{"line":19,"column":5},"end":{"line":19,"column":17}}},"3":{"name":"(anonymous_3)","line":23,"loc":{"start":{"line":23,"column":24},"end":{"line":23,"column":36}}},"4":{"name":"(anonymous_4)","line":61,"loc":{"start":{"line":61,"column":5},"end":{"line":61,"column":17}}},"5":{"name":"(anonymous_5)","line":82,"loc":{"start":{"line":82,"column":5},"end":{"line":82,"column":17}}},"6":{"name":"(anonymous_6)","line":91,"loc":{"start":{"line":91,"column":77},"end":{"line":94,"column":10}}},"7":{"name":"(anonymous_7)","line":112,"loc":{"start":{"line":112,"column":83},"end":{"line":115,"column":10}},"skip":true},"8":{"name":"(anonymous_8)","line":123,"loc":{"start":{"line":123,"column":77},"end":{"line":126,"column":10}},"skip":true},"9":{"name":"(anonymous_9)","line":139,"loc":{"start":{"line":139,"column":12},"end":{"line":139,"column":40}},"skip":true},"10":{"name":"(anonymous_10)","line":147,"loc":{"start":{"line":147,"column":77},"end":{"line":150,"column":10}},"skip":true},"11":{"name":"(anonymous_11)","line":158,"loc":{"start":{"line":158,"column":83},"end":{"line":161,"column":10}},"skip":true},"12":{"name":"(anonymous_12)","line":169,"loc":{"start":{"line":169,"column":79},"end":{"line":172,"column":10}},"skip":true},"13":{"name":"(anonymous_13)","line":180,"loc":{"start":{"line":180,"column":75},"end":{"line":183,"column":10}},"skip":true}},"statementMap":{"1":{"start":{"line":12,"column":0},"end":{"line":195,"column":5}},"2":{"start":{"line":14,"column":4},"end":{"line":14,"column":14}},"3":{"start":{"line":19,"column":4},"end":{"line":56,"column":9}},"4":{"start":{"line":21,"column":8},"end":{"line":21,"column":19}},"5":{"start":{"line":23,"column":8},"end":{"line":35,"column":13}},"6":{"start":{"line":24,"column":12},"end":{"line":34,"column":13}},"7":{"start":{"line":25,"column":16},"end":{"line":28,"column":30}},"8":{"start":{"line":30,"column":16},"end":{"line":33,"column":27}},"9":{"start":{"line":37,"column":8},"end":{"line":39,"column":21}},"10":{"start":{"line":40,"column":8},"end":{"line":53,"column":9}},"11":{"start":{"line":43,"column":12},"end":{"line":46,"column":14}},"12":{"start":{"line":47,"column":12},"end":{"line":47,"column":18}},"13":{"start":{"line":50,"column":12},"end":{"line":51,"column":33}},"14":{"start":{"line":52,"column":12},"end":{"line":52,"column":18}},"15":{"start":{"line":55,"column":8},"end":{"line":55,"column":35}},"16":{"start":{"line":61,"column":4},"end":{"line":63,"column":9}},"17":{"start":{"line":62,"column":8},"end":{"line":62,"column":15}},"18":{"start":{"line":64,"column":4},"end":{"line":77,"column":5}},"19":{"start":{"line":70,"column":8},"end":{"line":70,"column":14}},"20":{"start":{"line":76,"column":8},"end":{"line":76,"column":14}},"21":{"start":{"line":82,"column":4},"end":{"line":84,"column":9}},"22":{"start":{"line":83,"column":8},"end":{"line":83,"column":15}},"23":{"start":{"line":85,"column":4},"end":{"line":194,"column":5}},"24":{"start":{"line":91,"column":8},"end":{"line":99,"column":10}},"25":{"start":{"line":98,"column":12},"end":{"line":98,"column":35}},"26":{"start":{"line":102,"column":8},"end":{"line":104,"column":63}},"27":{"start":{"line":105,"column":8},"end":{"line":105,"column":14}},"28":{"start":{"line":112,"column":8},"end":{"line":121,"column":10},"skip":true},"29":{"start":{"line":119,"column":12},"end":{"line":119,"column":55},"skip":true},"30":{"start":{"line":120,"column":12},"end":{"line":120,"column":48},"skip":true},"31":{"start":{"line":123,"column":8},"end":{"line":136,"column":10},"skip":true},"32":{"start":{"line":130,"column":12},"end":{"line":130,"column":76},"skip":true},"33":{"start":{"line":131,"column":12},"end":{"line":131,"column":73},"skip":true},"34":{"start":{"line":132,"column":12},"end":{"line":132,"column":74},"skip":true},"35":{"start":{"line":133,"column":12},"end":{"line":133,"column":79},"skip":true},"36":{"start":{"line":134,"column":12},"end":{"line":134,"column":25},"skip":true},"37":{"start":{"line":135,"column":12},"end":{"line":135,"column":45},"skip":true},"38":{"start":{"line":138,"column":8},"end":{"line":145,"column":14},"skip":true},"39":{"start":{"line":143,"column":16},"end":{"line":143,"column":29},"skip":true},"40":{"start":{"line":144,"column":16},"end":{"line":144,"column":55},"skip":true},"41":{"start":{"line":147,"column":8},"end":{"line":156,"column":10},"skip":true},"42":{"start":{"line":154,"column":12},"end":{"line":154,"column":25},"skip":true},"43":{"start":{"line":155,"column":12},"end":{"line":155,"column":45},"skip":true},"44":{"start":{"line":158,"column":8},"end":{"line":167,"column":10},"skip":true},"45":{"start":{"line":165,"column":12},"end":{"line":165,"column":25},"skip":true},"46":{"start":{"line":166,"column":12},"end":{"line":166,"column":48},"skip":true},"47":{"start":{"line":169,"column":8},"end":{"line":178,"column":10},"skip":true},"48":{"start":{"line":176,"column":12},"end":{"line":176,"column":25},"skip":true},"49":{"start":{"line":177,"column":12},"end":{"line":177,"column":46},"skip":true},"50":{"start":{"line":180,"column":8},"end":{"line":189,"column":10},"skip":true},"51":{"start":{"line":187,"column":12},"end":{"line":187,"column":94},"skip":true},"52":{"start":{"line":188,"column":12},"end":{"line":188,"column":48},"skip":true},"53":{"start":{"line":192,"column":8},"end":{"line":192,"column":35},"skip":true},"54":{"start":{"line":193,"column":8},"end":{"line":193,"column":14},"skip":true}},"branchMap":{"1":{"line":25,"type":"binary-expr","locations":[{"start":{"line":25,"column":23},"end":{"line":25,"column":62}},{"start":{"line":26,"column":20},"end":{"line":26,"column":70}},{"start":{"line":27,"column":20},"end":{"line":27,"column":71}},{"start":{"line":28,"column":20},"end":{"line":28,"column":29}}]},"2":{"line":30,"type":"binary-expr","locations":[{"start":{"line":30,"column":23},"end":{"line":30,"column":37}},{"start":{"line":31,"column":20},"end":{"line":31,"column":61}},{"start":{"line":32,"column":20},"end":{"line":32,"column":70}},{"start":{"line":33,"column":20},"end":{"line":33,"column":26}}]},"3":{"line":37,"type":"cond-expr","locations":[{"start":{"line":38,"column":14},"end":{"line":38,"column":20}},{"start":{"line":39,"column":14},"end":{"line":39,"column":20}}]},"4":{"line":40,"type":"switch","locations":[{"start":{"line":42,"column":8},"end":{"line":47,"column":18}},{"start":{"line":49,"column":8},"end":{"line":52,"column":18}}]},"5":{"line":44,"type":"binary-expr","locations":[{"start":{"line":44,"column":16},"end":{"line":44,"column":44}},{"start":{"line":44,"column":48},"end":{"line":44,"column":66}}]},"6":{"line":50,"type":"binary-expr","locations":[{"start":{"line":50,"column":21},"end":{"line":50,"column":49}},{"start":{"line":50,"column":53},"end":{"line":50,"column":72}}]},"7":{"line":64,"type":"switch","locations":[{"start":{"line":69,"column":4},"end":{"line":70,"column":14}},{"start":{"line":75,"column":4},"end":{"line":76,"column":14}}]},"8":{"line":85,"type":"switch","locations":[{"start":{"line":90,"column":4},"end":{"line":105,"column":14}},{"start":{"line":111,"column":4},"end":{"line":193,"column":14},"skip":true}]},"9":{"line":91,"type":"binary-expr","locations":[{"start":{"line":91,"column":42},"end":{"line":91,"column":73}},{"start":{"line":91,"column":77},"end":{"line":99,"column":9}}]},"10":{"line":102,"type":"binary-expr","locations":[{"start":{"line":102,"column":18},"end":{"line":102,"column":32}},{"start":{"line":103,"column":12},"end":{"line":103,"column":53}},{"start":{"line":104,"column":12},"end":{"line":104,"column":61}}]},"11":{"line":112,"type":"binary-expr","locations":[{"start":{"line":112,"column":45},"end":{"line":112,"column":79},"skip":true},{"start":{"line":112,"column":83},"end":{"line":121,"column":9},"skip":true}]},"12":{"line":123,"type":"binary-expr","locations":[{"start":{"line":123,"column":42},"end":{"line":123,"column":73},"skip":true},{"start":{"line":123,"column":77},"end":{"line":136,"column":9},"skip":true}]},"13":{"line":138,"type":"binary-expr","locations":[{"start":{"line":138,"column":48},"end":{"line":138,"column":85},"skip":true},{"start":{"line":139,"column":12},"end":{"line":145,"column":13},"skip":true}]},"14":{"line":147,"type":"binary-expr","locations":[{"start":{"line":147,"column":42},"end":{"line":147,"column":73},"skip":true},{"start":{"line":147,"column":77},"end":{"line":156,"column":9},"skip":true}]},"15":{"line":158,"type":"binary-expr","locations":[{"start":{"line":158,"column":45},"end":{"line":158,"column":79},"skip":true},{"start":{"line":158,"column":83},"end":{"line":167,"column":9},"skip":true}]},"16":{"line":169,"type":"binary-expr","locations":[{"start":{"line":169,"column":43},"end":{"line":169,"column":75},"skip":true},{"start":{"line":169,"column":79},"end":{"line":178,"column":9},"skip":true}]},"17":{"line":180,"type":"binary-expr","locations":[{"start":{"line":180,"column":41},"end":{"line":180,"column":71},"skip":true},{"start":{"line":180,"column":75},"end":{"line":189,"column":9},"skip":true}]}},"code":["/* istanbul instrument in package npmtest_lory_js */","/*jslint","    bitwise: true,","    browser: true,","    maxerr: 8,","    maxlen: 96,","    node: true,","    nomen: true,","    regexp: true,","    stupid: true","*/","(function () {","    'use strict';","    var local;","","","","    // run shared js-env code - init-before","    (function () {","        // init local","        local = {};","        // init modeJs","        local.modeJs = (function () {","            try {","                return typeof navigator.userAgent === 'string' &&","                    typeof document.querySelector('body') === 'object' &&","                    typeof XMLHttpRequest.prototype.open === 'function' &&","                    'browser';","            } catch (errorCaughtBrowser) {","                return module.exports &&","                    typeof process.versions.node === 'string' &&","                    typeof require('http').createServer === 'function' &&","                    'node';","            }","        }());","        // init global","        local.global = local.modeJs === 'browser'","            ? window","            : global;","        switch (local.modeJs) {","        // re-init local from window.local","        case 'browser':","            local = local.global.utility2.objectSetDefault(","                local.global.utility2_rollup || local.global.local,","                local.global.utility2","            );","            break;","        // re-init local from example.js","        case 'node':","            local = (local.global.utility2_rollup || require('utility2'))","                .requireReadme();","            break;","        }","        // export local","        local.global.local = local;","    }());","","","","    // run shared js-env code - function","    (function () {","        return;","    }());","    switch (local.modeJs) {","","","","    // run browser js-env code - function","    case 'browser':","        break;","","","","    // run node js-env code - function","    case 'node':","        break;","    }","","","","    // run shared js-env code - init-after","    (function () {","        return;","    }());","    switch (local.modeJs) {","","","","    // run browser js-env code - init-after","    case 'browser':","        local.testCase_browser_nullCase = local.testCase_browser_nullCase || function (","            options,","            onError","        ) {","        /*","         * this function will test browsers's null-case handling-behavior-behavior","         */","            onError(null, options);","        };","","        // run tests","        local.nop(local.modeTest &&","            document.querySelector('#testRunButton1') &&","            document.querySelector('#testRunButton1').click());","        break;","","","","    // run node js-env code - init-after","    /* istanbul ignore next */","    case 'node':","        local.testCase_buildApidoc_default = local.testCase_buildApidoc_default || function (","            options,","            onError","        ) {","        /*","         * this function will test buildApidoc's default handling-behavior-behavior","         */","            options = { modulePathList: module.paths };","            local.buildApidoc(options, onError);","        };","","        local.testCase_buildApp_default = local.testCase_buildApp_default || function (","            options,","            onError","        ) {","        /*","         * this function will test buildApp's default handling-behavior-behavior","         */","            local.testCase_buildReadme_default(options, local.onErrorThrow);","            local.testCase_buildLib_default(options, local.onErrorThrow);","            local.testCase_buildTest_default(options, local.onErrorThrow);","            local.testCase_buildCustomOrg_default(options, local.onErrorThrow);","            options = [];","            local.buildApp(options, onError);","        };","","        local.testCase_buildCustomOrg_default = local.testCase_buildCustomOrg_default ||","            function (options, onError) {","            /*","             * this function will test buildCustomOrg's default handling-behavior","             */","                options = {};","                local.buildCustomOrg(options, onError);","            };","","        local.testCase_buildLib_default = local.testCase_buildLib_default || function (","            options,","            onError","        ) {","        /*","         * this function will test buildLib's default handling-behavior","         */","            options = {};","            local.buildLib(options, onError);","        };","","        local.testCase_buildReadme_default = local.testCase_buildReadme_default || function (","            options,","            onError","        ) {","        /*","         * this function will test buildReadme's default handling-behavior-behavior","         */","            options = {};","            local.buildReadme(options, onError);","        };","","        local.testCase_buildTest_default = local.testCase_buildTest_default || function (","            options,","            onError","        ) {","        /*","         * this function will test buildTest's default handling-behavior","         */","            options = {};","            local.buildTest(options, onError);","        };","","        local.testCase_webpage_default = local.testCase_webpage_default || function (","            options,","            onError","        ) {","        /*","         * this function will test webpage's default handling-behavior","         */","            options = { modeCoverageMerge: true, url: local.serverLocalHost + '?modeTest=1' };","            local.browserTest(options, onError);","        };","","        // run test-server","        local.testRunServer(local);","        break;","    }","}());",""],"l":{"12":2,"14":2,"19":2,"21":2,"23":2,"24":2,"25":2,"30":1,"37":2,"40":2,"43":1,"47":1,"50":1,"52":1,"55":2,"61":2,"62":2,"64":2,"70":1,"76":1,"82":2,"83":2,"85":2,"91":1,"98":1,"102":1,"105":1,"112":1,"119":1,"120":1,"123":1,"130":1,"131":1,"132":1,"133":1,"134":1,"135":1,"138":1,"143":2,"144":2,"147":1,"154":2,"155":2,"158":1,"165":2,"166":2,"169":1,"176":2,"177":2,"180":1,"187":1,"188":1,"192":1,"193":1}},"/home/travis/build/npmtest/node-npmtest-lory.js/lib.npmtest_lory.js.js":{"path":"/home/travis/build/npmtest/node-npmtest-lory.js/lib.npmtest_lory.js.js","s":{"1":2,"2":2,"3":2,"4":2,"5":2,"6":2,"7":2,"8":1,"9":2,"10":2,"11":2,"12":2,"13":1,"14":1,"15":1,"16":1},"b":{"1":[2,1,1,1],"2":[1,1,1,1],"3":[1,1],"4":[2,2],"5":[1,1]},"f":{"1":2,"2":2,"3":2},"fnMap":{"1":{"name":"(anonymous_1)","line":12,"loc":{"start":{"line":12,"column":1},"end":{"line":12,"column":13}}},"2":{"name":"(anonymous_2)","line":19,"loc":{"start":{"line":19,"column":5},"end":{"line":19,"column":17}}},"3":{"name":"(anonymous_3)","line":23,"loc":{"start":{"line":23,"column":24},"end":{"line":23,"column":36}}}},"statementMap":{"1":{"start":{"line":12,"column":0},"end":{"line":53,"column":5}},"2":{"start":{"line":14,"column":4},"end":{"line":14,"column":14}},"3":{"start":{"line":19,"column":4},"end":{"line":52,"column":9}},"4":{"start":{"line":21,"column":8},"end":{"line":21,"column":19}},"5":{"start":{"line":23,"column":8},"end":{"line":35,"column":13}},"6":{"start":{"line":24,"column":12},"end":{"line":34,"column":13}},"7":{"start":{"line":25,"column":16},"end":{"line":28,"column":30}},"8":{"start":{"line":30,"column":16},"end":{"line":33,"column":27}},"9":{"start":{"line":37,"column":8},"end":{"line":39,"column":21}},"10":{"start":{"line":41,"column":8},"end":{"line":41,"column":54}},"11":{"start":{"line":43,"column":8},"end":{"line":43,"column":52}},"12":{"start":{"line":45,"column":8},"end":{"line":51,"column":9}},"13":{"start":{"line":46,"column":12},"end":{"line":46,"column":58}},"14":{"start":{"line":48,"column":12},"end":{"line":48,"column":35}},"15":{"start":{"line":49,"column":12},"end":{"line":49,"column":49}},"16":{"start":{"line":50,"column":12},"end":{"line":50,"column":43}}},"branchMap":{"1":{"line":25,"type":"binary-expr","locations":[{"start":{"line":25,"column":23},"end":{"line":25,"column":62}},{"start":{"line":26,"column":20},"end":{"line":26,"column":70}},{"start":{"line":27,"column":20},"end":{"line":27,"column":71}},{"start":{"line":28,"column":20},"end":{"line":28,"column":29}}]},"2":{"line":30,"type":"binary-expr","locations":[{"start":{"line":30,"column":23},"end":{"line":30,"column":37}},{"start":{"line":31,"column":20},"end":{"line":31,"column":61}},{"start":{"line":32,"column":20},"end":{"line":32,"column":70}},{"start":{"line":33,"column":20},"end":{"line":33,"column":26}}]},"3":{"line":37,"type":"cond-expr","locations":[{"start":{"line":38,"column":14},"end":{"line":38,"column":20}},{"start":{"line":39,"column":14},"end":{"line":39,"column":20}}]},"4":{"line":41,"type":"binary-expr","locations":[{"start":{"line":41,"column":16},"end":{"line":41,"column":44}},{"start":{"line":41,"column":48},"end":{"line":41,"column":53}}]},"5":{"line":45,"type":"if","locations":[{"start":{"line":45,"column":8},"end":{"line":45,"column":8}},{"start":{"line":45,"column":8},"end":{"line":45,"column":8}}]}},"code":["/* istanbul instrument in package npmtest_lory_js */","/*jslint","    bitwise: true,","    browser: true,","    maxerr: 8,","    maxlen: 96,","    node: true,","    nomen: true,","    regexp: true,","    stupid: true","*/","(function () {","    'use strict';","    var local;","","","","    // run shared js-env code - pre-init","    (function () {","        // init local","        local = {};","        // init modeJs","        local.modeJs = (function () {","            try {","                return typeof navigator.userAgent === 'string' &&","                    typeof document.querySelector('body') === 'object' &&","                    typeof XMLHttpRequest.prototype.open === 'function' &&","                    'browser';","            } catch (errorCaughtBrowser) {","                return module.exports &&","                    typeof process.versions.node === 'string' &&","                    typeof require('http').createServer === 'function' &&","                    'node';","            }","        }());","        // init global","        local.global = local.modeJs === 'browser'","            ? window","            : global;","        // init utility2_rollup","        local = local.global.utility2_rollup || local;","        // init lib","        local.local = local.npmtest_lory_js = local;","        // init exports","        if (local.modeJs === 'browser') {","            local.global.utility2_npmtest_lory_js = local;","        } else {","            module.exports = local;","            module.exports.__dirname = __dirname;","            module.exports.module = module;","        }","    }());","}());",""],"l":{"12":2,"14":2,"19":2,"21":2,"23":2,"24":2,"25":2,"30":1,"37":2,"41":2,"43":2,"45":2,"46":1,"48":1,"49":1,"50":1}},"/home/travis/build/npmtest/node-npmtest-lory.js/example.js":{"path":"/home/travis/build/npmtest/node-npmtest-lory.js/example.js","s":{"1":2,"2":2,"3":2,"4":2,"5":2,"6":2,"7":2,"8":1,"9":2,"10":2,"11":2,"12":2,"13":1,"14":2,"15":2,"16":2,"17":2,"18":2,"19":0,"20":2,"21":1,"22":1,"23":1,"24":1,"25":1,"26":0,"27":0,"28":1,"29":1,"30":2,"31":0,"32":0,"33":0,"34":1,"35":2,"36":2,"37":3,"38":3,"39":3,"40":3,"41":0,"42":3,"43":3,"44":3,"45":1,"46":3,"47":1,"48":1,"49":1,"50":1,"51":1,"52":1,"53":1,"54":1,"55":1,"56":1,"57":0,"58":1,"59":6,"60":6,"61":1,"62":2,"63":0,"64":2,"65":1,"66":1,"67":0,"68":0,"69":0,"70":0,"71":0,"72":0,"73":0,"74":0,"75":0,"76":0,"77":0,"78":0,"79":0,"80":0,"81":0,"82":0,"83":0},"b":{"1":[2,1,1,1],"2":[1,1,1,1],"3":[1,1],"4":[2,2],"5":[1,1],"6":[1,1],"7":[2,0],"8":[2,1,1,1,1,1],"9":[0,2,0],"10":[1,1],"11":[2,1,1],"12":[1,0],"13":[0,2],"14":[2,0,0,0,0,0,0],"15":[0,3],"16":[3,0],"17":[1,1],"18":[0,1],"19":[1,2,0,2],"20":[1,0],"21":[1,1],"22":[0,0],"23":[0,0],"24":[0,0],"25":[0,0],"26":[0,0],"27":[0,0],"28":[0,0]},"f":{"1":2,"2":2,"3":2,"4":2,"5":2,"6":2,"7":3,"8":3,"9":3,"10":1,"11":6,"12":0},"fnMap":{"1":{"name":"(anonymous_1)","line":26,"loc":{"start":{"line":26,"column":1},"end":{"line":26,"column":13}}},"2":{"name":"(anonymous_2)","line":33,"loc":{"start":{"line":33,"column":5},"end":{"line":33,"column":17}}},"3":{"name":"(anonymous_3)","line":37,"loc":{"start":{"line":37,"column":24},"end":{"line":37,"column":36}}},"4":{"name":"(anonymous_4)","line":69,"loc":{"start":{"line":69,"column":31},"end":{"line":69,"column":48}},"skip":true},"5":{"name":"(anonymous_5)","line":78,"loc":{"start":{"line":78,"column":26},"end":{"line":78,"column":45}},"skip":true},"6":{"name":"(anonymous_6)","line":123,"loc":{"start":{"line":123,"column":33},"end":{"line":123,"column":48}},"skip":true},"7":{"name":"(anonymous_7)","line":125,"loc":{"start":{"line":125,"column":27},"end":{"line":125,"column":39}},"skip":true},"8":{"name":"(anonymous_8)","line":133,"loc":{"start":{"line":133,"column":59},"end":{"line":133,"column":74}},"skip":true},"9":{"name":"(anonymous_9)","line":143,"loc":{"start":{"line":143,"column":45},"end":{"line":143,"column":62}},"skip":true},"10":{"name":"(anonymous_10)","line":144,"loc":{"start":{"line":144,"column":73},"end":{"line":144,"column":92}},"skip":true},"11":{"name":"(anonymous_11)","line":272,"loc":{"start":{"line":272,"column":51},"end":{"line":272,"column":77}},"skip":true},"12":{"name":"(anonymous_12)","line":315,"loc":{"start":{"line":315,"column":32},"end":{"line":315,"column":61}},"skip":true}},"statementMap":{"1":{"start":{"line":26,"column":0},"end":{"line":326,"column":5}},"2":{"start":{"line":28,"column":4},"end":{"line":28,"column":14}},"3":{"start":{"line":33,"column":4},"end":{"line":60,"column":9}},"4":{"start":{"line":35,"column":8},"end":{"line":35,"column":19}},"5":{"start":{"line":37,"column":8},"end":{"line":49,"column":13}},"6":{"start":{"line":38,"column":12},"end":{"line":48,"column":13}},"7":{"start":{"line":39,"column":16},"end":{"line":42,"column":30}},"8":{"start":{"line":44,"column":16},"end":{"line":47,"column":27}},"9":{"start":{"line":51,"column":8},"end":{"line":53,"column":21}},"10":{"start":{"line":55,"column":8},"end":{"line":57,"column":45}},"11":{"start":{"line":59,"column":8},"end":{"line":59,"column":35}},"12":{"start":{"line":61,"column":4},"end":{"line":325,"column":5}},"13":{"start":{"line":69,"column":8},"end":{"line":121,"column":10},"skip":true},"14":{"start":{"line":70,"column":12},"end":{"line":88,"column":13},"skip":true},"15":{"start":{"line":76,"column":16},"end":{"line":87,"column":19},"skip":true},"16":{"start":{"line":79,"column":20},"end":{"line":86,"column":21},"skip":true},"17":{"start":{"line":82,"column":24},"end":{"line":82,"column":43},"skip":true},"18":{"start":{"line":83,"column":24},"end":{"line":83,"column":30},"skip":true},"19":{"start":{"line":85,"column":24},"end":{"line":85,"column":49},"skip":true},"20":{"start":{"line":89,"column":12},"end":{"line":107,"column":13},"skip":true},"21":{"start":{"line":92,"column":16},"end":{"line":102,"column":17},"skip":true},"22":{"start":{"line":93,"column":20},"end":{"line":93,"column":86},"skip":true},"23":{"start":{"line":94,"column":20},"end":{"line":95,"column":45},"skip":true},"24":{"start":{"line":96,"column":20},"end":{"line":96,"column":42},"skip":true},"25":{"start":{"line":97,"column":20},"end":{"line":97,"column":48},"skip":true},"26":{"start":{"line":100,"column":20},"end":{"line":100,"column":85},"skip":true},"27":{"start":{"line":101,"column":20},"end":{"line":101,"column":96},"skip":true},"28":{"start":{"line":103,"column":16},"end":{"line":103,"column":22},"skip":true},"29":{"start":{"line":106,"column":16},"end":{"line":106,"column":22},"skip":true},"30":{"start":{"line":108,"column":12},"end":{"line":120,"column":13},"skip":true},"31":{"start":{"line":114,"column":16},"end":{"line":119,"column":17},"skip":true},"32":{"start":{"line":116,"column":20},"end":{"line":116,"column":78},"skip":true},"33":{"start":{"line":118,"column":20},"end":{"line":118,"column":47},"skip":true},"34":{"start":{"line":123,"column":8},"end":{"line":141,"column":11},"skip":true},"35":{"start":{"line":124,"column":12},"end":{"line":124,"column":54},"skip":true},"36":{"start":{"line":125,"column":12},"end":{"line":140,"column":14},"skip":true},"37":{"start":{"line":126,"column":16},"end":{"line":126,"column":28},"skip":true},"38":{"start":{"line":127,"column":16},"end":{"line":127,"column":69},"skip":true},"39":{"start":{"line":128,"column":16},"end":{"line":128,"column":75},"skip":true},"40":{"start":{"line":129,"column":16},"end":{"line":131,"column":17},"skip":true},"41":{"start":{"line":130,"column":20},"end":{"line":130,"column":27},"skip":true},"42":{"start":{"line":133,"column":16},"end":{"line":137,"column":36},"skip":true},"43":{"start":{"line":134,"column":20},"end":{"line":136,"column":55},"skip":true},"44":{"start":{"line":139,"column":16},"end":{"line":139,"column":57},"skip":true},"45":{"start":{"line":143,"column":8},"end":{"line":147,"column":11},"skip":true},"46":{"start":{"line":144,"column":12},"end":{"line":146,"column":15},"skip":true},"47":{"start":{"line":145,"column":16},"end":{"line":145,"column":70},"skip":true},"48":{"start":{"line":149,"column":8},"end":{"line":149,"column":31},"skip":true},"49":{"start":{"line":150,"column":8},"end":{"line":150,"column":14},"skip":true},"50":{"start":{"line":158,"column":8},"end":{"line":158,"column":31},"skip":true},"51":{"start":{"line":160,"column":8},"end":{"line":160,"column":33},"skip":true},"52":{"start":{"line":161,"column":8},"end":{"line":161,"column":37},"skip":true},"53":{"start":{"line":162,"column":8},"end":{"line":162,"column":35},"skip":true},"54":{"start":{"line":164,"column":8},"end":{"line":164,"column":50},"skip":true},"55":{"start":{"line":166,"column":8},"end":{"line":256,"column":2},"skip":true},"56":{"start":{"line":258,"column":8},"end":{"line":286,"column":9},"skip":true},"57":{"start":{"line":259,"column":12},"end":{"line":269,"column":14},"skip":true},"58":{"start":{"line":271,"column":12},"end":{"line":285,"column":19},"skip":true},"59":{"start":{"line":274,"column":20},"end":{"line":274,"column":35},"skip":true},"60":{"start":{"line":275,"column":20},"end":{"line":284,"column":21},"skip":true},"61":{"start":{"line":277,"column":24},"end":{"line":277,"column":64},"skip":true},"62":{"start":{"line":279,"column":24},"end":{"line":279,"column":40},"skip":true},"63":{"start":{"line":281,"column":24},"end":{"line":281,"column":40},"skip":true},"64":{"start":{"line":283,"column":24},"end":{"line":283,"column":39},"skip":true},"65":{"start":{"line":288,"column":8},"end":{"line":290,"column":9},"skip":true},"66":{"start":{"line":289,"column":12},"end":{"line":289,"column":18},"skip":true},"67":{"start":{"line":291,"column":8},"end":{"line":293,"column":54},"skip":true},"68":{"start":{"line":296,"column":8},"end":{"line":301,"column":37},"skip":true},"69":{"start":{"line":303,"column":8},"end":{"line":303,"column":82},"skip":true},"70":{"start":{"line":306,"column":8},"end":{"line":308,"column":9},"skip":true},"71":{"start":{"line":307,"column":12},"end":{"line":307,"column":82},"skip":true},"72":{"start":{"line":310,"column":8},"end":{"line":312,"column":9},"skip":true},"73":{"start":{"line":311,"column":12},"end":{"line":311,"column":18},"skip":true},"74":{"start":{"line":313,"column":8},"end":{"line":313,"column":54},"skip":true},"75":{"start":{"line":314,"column":8},"end":{"line":314,"column":69},"skip":true},"76":{"start":{"line":315,"column":8},"end":{"line":323,"column":36},"skip":true},"77":{"start":{"line":316,"column":12},"end":{"line":316,"column":61},"skip":true},"78":{"start":{"line":317,"column":12},"end":{"line":320,"column":13},"skip":true},"79":{"start":{"line":318,"column":16},"end":{"line":318,"column":75},"skip":true},"80":{"start":{"line":319,"column":16},"end":{"line":319,"column":23},"skip":true},"81":{"start":{"line":321,"column":12},"end":{"line":321,"column":38},"skip":true},"82":{"start":{"line":322,"column":12},"end":{"line":322,"column":27},"skip":true},"83":{"start":{"line":324,"column":8},"end":{"line":324,"column":14},"skip":true}},"branchMap":{"1":{"line":39,"type":"binary-expr","locations":[{"start":{"line":39,"column":23},"end":{"line":39,"column":62}},{"start":{"line":40,"column":20},"end":{"line":40,"column":70}},{"start":{"line":41,"column":20},"end":{"line":41,"column":71}},{"start":{"line":42,"column":20},"end":{"line":42,"column":29}}]},"2":{"line":44,"type":"binary-expr","locations":[{"start":{"line":44,"column":23},"end":{"line":44,"column":37}},{"start":{"line":45,"column":20},"end":{"line":45,"column":61}},{"start":{"line":46,"column":20},"end":{"line":46,"column":70}},{"start":{"line":47,"column":20},"end":{"line":47,"column":26}}]},"3":{"line":51,"type":"cond-expr","locations":[{"start":{"line":52,"column":14},"end":{"line":52,"column":20}},{"start":{"line":53,"column":14},"end":{"line":53,"column":20}}]},"4":{"line":55,"type":"binary-expr","locations":[{"start":{"line":55,"column":16},"end":{"line":55,"column":44}},{"start":{"line":55,"column":49},"end":{"line":57,"column":43}}]},"5":{"line":55,"type":"cond-expr","locations":[{"start":{"line":56,"column":14},"end":{"line":56,"column":51}},{"start":{"line":57,"column":14},"end":{"line":57,"column":43}}]},"6":{"line":61,"type":"switch","locations":[{"start":{"line":68,"column":4},"end":{"line":150,"column":14},"skip":true},{"start":{"line":156,"column":4},"end":{"line":324,"column":14},"skip":true}]},"7":{"line":70,"type":"if","locations":[{"start":{"line":70,"column":12},"end":{"line":70,"column":12},"skip":true},{"start":{"line":70,"column":12},"end":{"line":70,"column":12},"skip":true}]},"8":{"line":70,"type":"binary-expr","locations":[{"start":{"line":70,"column":16},"end":{"line":70,"column":22},"skip":true},{"start":{"line":70,"column":27},"end":{"line":70,"column":32},"skip":true},{"start":{"line":71,"column":20},"end":{"line":71,"column":39},"skip":true},{"start":{"line":72,"column":20},"end":{"line":72,"column":49},"skip":true},{"start":{"line":73,"column":20},"end":{"line":73,"column":58},"skip":true},{"start":{"line":74,"column":20},"end":{"line":74,"column":69},"skip":true}]},"9":{"line":79,"type":"switch","locations":[{"start":{"line":80,"column":20},"end":{"line":80,"column":33},"skip":true},{"start":{"line":81,"column":20},"end":{"line":83,"column":30},"skip":true},{"start":{"line":84,"column":20},"end":{"line":85,"column":49},"skip":true}]},"10":{"line":89,"type":"switch","locations":[{"start":{"line":90,"column":12},"end":{"line":103,"column":22},"skip":true},{"start":{"line":105,"column":12},"end":{"line":106,"column":22},"skip":true}]},"11":{"line":89,"type":"binary-expr","locations":[{"start":{"line":89,"column":20},"end":{"line":89,"column":25},"skip":true},{"start":{"line":89,"column":29},"end":{"line":89,"column":48},"skip":true},{"start":{"line":89,"column":52},"end":{"line":89,"column":74},"skip":true}]},"12":{"line":92,"type":"if","locations":[{"start":{"line":92,"column":16},"end":{"line":92,"column":16},"skip":true},{"start":{"line":92,"column":16},"end":{"line":92,"column":16},"skip":true}]},"13":{"line":108,"type":"if","locations":[{"start":{"line":108,"column":12},"end":{"line":108,"column":12},"skip":true},{"start":{"line":108,"column":12},"end":{"line":108,"column":12},"skip":true}]},"14":{"line":108,"type":"binary-expr","locations":[{"start":{"line":108,"column":16},"end":{"line":108,"column":61},"skip":true},{"start":{"line":108,"column":66},"end":{"line":108,"column":72},"skip":true},{"start":{"line":108,"column":77},"end":{"line":108,"column":82},"skip":true},{"start":{"line":109,"column":20},"end":{"line":109,"column":39},"skip":true},{"start":{"line":110,"column":20},"end":{"line":110,"column":49},"skip":true},{"start":{"line":111,"column":20},"end":{"line":111,"column":58},"skip":true},{"start":{"line":112,"column":20},"end":{"line":112,"column":68},"skip":true}]},"15":{"line":129,"type":"if","locations":[{"start":{"line":129,"column":16},"end":{"line":129,"column":16},"skip":true},{"start":{"line":129,"column":16},"end":{"line":129,"column":16},"skip":true}]},"16":{"line":134,"type":"cond-expr","locations":[{"start":{"line":135,"column":26},"end":{"line":135,"column":29},"skip":true},{"start":{"line":136,"column":26},"end":{"line":136,"column":54},"skip":true}]},"17":{"line":164,"type":"binary-expr","locations":[{"start":{"line":164,"column":27},"end":{"line":164,"column":43},"skip":true},{"start":{"line":164,"column":47},"end":{"line":164,"column":49},"skip":true}]},"18":{"line":258,"type":"if","locations":[{"start":{"line":258,"column":8},"end":{"line":258,"column":8},"skip":true},{"start":{"line":258,"column":8},"end":{"line":258,"column":8},"skip":true}]},"19":{"line":275,"type":"switch","locations":[{"start":{"line":276,"column":20},"end":{"line":277,"column":64},"skip":true},{"start":{"line":278,"column":20},"end":{"line":279,"column":40},"skip":true},{"start":{"line":280,"column":20},"end":{"line":281,"column":40},"skip":true},{"start":{"line":282,"column":20},"end":{"line":283,"column":39},"skip":true}]},"20":{"line":288,"type":"if","locations":[{"start":{"line":288,"column":8},"end":{"line":288,"column":8},"skip":true},{"start":{"line":288,"column":8},"end":{"line":288,"column":8},"skip":true}]},"21":{"line":288,"type":"binary-expr","locations":[{"start":{"line":288,"column":12},"end":{"line":288,"column":40},"skip":true},{"start":{"line":288,"column":44},"end":{"line":288,"column":67},"skip":true}]},"22":{"line":292,"type":"binary-expr","locations":[{"start":{"line":292,"column":12},"end":{"line":292,"column":50},"skip":true},{"start":{"line":293,"column":12},"end":{"line":293,"column":53},"skip":true}]},"23":{"line":297,"type":"binary-expr","locations":[{"start":{"line":297,"column":12},"end":{"line":297,"column":65},"skip":true},{"start":{"line":298,"column":12},"end":{"line":301,"column":36},"skip":true}]},"24":{"line":303,"type":"binary-expr","locations":[{"start":{"line":303,"column":43},"end":{"line":303,"column":75},"skip":true},{"start":{"line":303,"column":79},"end":{"line":303,"column":81},"skip":true}]},"25":{"line":306,"type":"if","locations":[{"start":{"line":306,"column":8},"end":{"line":306,"column":8},"skip":true},{"start":{"line":306,"column":8},"end":{"line":306,"column":8},"skip":true}]},"26":{"line":310,"type":"if","locations":[{"start":{"line":310,"column":8},"end":{"line":310,"column":8},"skip":true},{"start":{"line":310,"column":8},"end":{"line":310,"column":8},"skip":true}]},"27":{"line":313,"type":"binary-expr","locations":[{"start":{"line":313,"column":27},"end":{"line":313,"column":43},"skip":true},{"start":{"line":313,"column":47},"end":{"line":313,"column":53},"skip":true}]},"28":{"line":317,"type":"if","locations":[{"start":{"line":317,"column":12},"end":{"line":317,"column":12},"skip":true},{"start":{"line":317,"column":12},"end":{"line":317,"column":12},"skip":true}]}},"code":["/*","example.js","","quickstart example","","instruction","    1. save this script as example.js","    2. run the shell command:","        $ npm install npmtest-lory.js && PORT=8081 node example.js","    3. play with the browser-demo on http://127.0.0.1:8081","*/","","","","/* istanbul instrument in package npmtest_lory_js */","/*jslint","    bitwise: true,","    browser: true,","    maxerr: 8,","    maxlen: 96,","    node: true,","    nomen: true,","    regexp: true,","    stupid: true","*/","(function () {","    'use strict';","    var local;","","","","    // run shared js-env code - init-before","    (function () {","        // init local","        local = {};","        // init modeJs","        local.modeJs = (function () {","            try {","                return typeof navigator.userAgent === 'string' &&","                    typeof document.querySelector('body') === 'object' &&","                    typeof XMLHttpRequest.prototype.open === 'function' &&","                    'browser';","            } catch (errorCaughtBrowser) {","                return module.exports &&","                    typeof process.versions.node === 'string' &&","                    typeof require('http').createServer === 'function' &&","                    'node';","            }","        }());","        // init global","        local.global = local.modeJs === 'browser'","            ? window","            : global;","        // init utility2_rollup","        local = local.global.utility2_rollup || (local.modeJs === 'browser'","            ? local.global.utility2_npmtest_lory_js","            : global.utility2_moduleExports);","        // export local","        local.global.local = local;","    }());","    switch (local.modeJs) {","","","","    // init-after","    // run browser js-env code - init-after","    /* istanbul ignore next */","    case 'browser':","        local.testRunBrowser = function (event) {","            if (!event || (event &&","                    event.currentTarget &&","                    event.currentTarget.className &&","                    event.currentTarget.className.includes &&","                    event.currentTarget.className.includes('onreset'))) {","                // reset output","                Array.from(","                    document.querySelectorAll('body > .resettable')","                ).forEach(function (element) {","                    switch (element.tagName) {","                    case 'INPUT':","                    case 'TEXTAREA':","                        element.value = '';","                        break;","                    default:","                        element.textContent = '';","                    }","                });","            }","            switch (event && event.currentTarget && event.currentTarget.id) {","            case 'testRunButton1':","                // show tests","                if (document.querySelector('#testReportDiv1').style.display === 'none') {","                    document.querySelector('#testReportDiv1').style.display = 'block';","                    document.querySelector('#testRunButton1').textContent =","                        'hide internal test';","                    local.modeTest = true;","                    local.testRunDefault(local);","                // hide tests","                } else {","                    document.querySelector('#testReportDiv1').style.display = 'none';","                    document.querySelector('#testRunButton1').textContent = 'run internal test';","                }","                break;","            // custom-case","            default:","                break;","            }","            if (document.querySelector('#inputTextareaEval1') && (!event || (event &&","                    event.currentTarget &&","                    event.currentTarget.className &&","                    event.currentTarget.className.includes &&","                    event.currentTarget.className.includes('oneval')))) {","                // try to eval input-code","                try {","                    /*jslint evil: true*/","                    eval(document.querySelector('#inputTextareaEval1').value);","                } catch (errorCaught) {","                    console.error(errorCaught);","                }","            }","        };","        // log stderr and stdout to #outputTextareaStdout1","        ['error', 'log'].forEach(function (key) {","            console[key + '_original'] = console[key];","            console[key] = function () {","                var element;","                console[key + '_original'].apply(console, arguments);","                element = document.querySelector('#outputTextareaStdout1');","                if (!element) {","                    return;","                }","                // append text to #outputTextareaStdout1","                element.value += Array.from(arguments).map(function (arg) {","                    return typeof arg === 'string'","                        ? arg","                        : JSON.stringify(arg, null, 4);","                }).join(' ') + '\\n';","                // scroll textarea to bottom","                element.scrollTop = element.scrollHeight;","            };","        });","        // init event-handling","        ['change', 'click', 'keyup'].forEach(function (event) {","            Array.from(document.querySelectorAll('.on' + event)).forEach(function (element) {","                element.addEventListener(event, local.testRunBrowser);","            });","        });","        // run tests","        local.testRunBrowser();","        break;","","","","    // run node js-env code - init-after","    /* istanbul ignore next */","    case 'node':","        // export local","        module.exports = local;","        // require modules","        local.fs = require('fs');","        local.http = require('http');","        local.url = require('url');","        // init assets","        local.assetsDict = local.assetsDict || {};","        /* jslint-ignore-begin */","        local.assetsDict['/assets.index.template.html'] = '\\","<!doctype html>\\n\\","<html lang=\"en\">\\n\\","<head>\\n\\","<meta charset=\"UTF-8\">\\n\\","<meta name=\"viewport\" content=\"width=device-width, initial-scale=1\">\\n\\","<title>{{env.npm_package_name}} (v{{env.npm_package_version}})</title>\\n\\","<style>\\n\\","/*csslint\\n\\","    box-sizing: false,\\n\\","    universal-selector: false\\n\\","*/\\n\\","* {\\n\\","    box-sizing: border-box;\\n\\","}\\n\\","body {\\n\\","    background: #dde;\\n\\","    font-family: Arial, Helvetica, sans-serif;\\n\\","    margin: 2rem;\\n\\","}\\n\\","body > * {\\n\\","    margin-bottom: 1rem;\\n\\","}\\n\\",".utility2FooterDiv {\\n\\","    margin-top: 20px;\\n\\","    text-align: center;\\n\\","}\\n\\","</style>\\n\\","<style>\\n\\","/*csslint\\n\\","*/\\n\\","textarea {\\n\\","    font-family: monospace;\\n\\","    height: 10rem;\\n\\","    width: 100%;\\n\\","}\\n\\","textarea[readonly] {\\n\\","    background: #ddd;\\n\\","}\\n\\","</style>\\n\\","</head>\\n\\","<body>\\n\\","<!-- utility2-comment\\n\\","<div id=\"ajaxProgressDiv1\" style=\"background: #d00; height: 2px; left: 0; margin: 0; padding: 0; position: fixed; top: 0; transition: background 0.5s, width 1.5s; width: 25%;\"></div>\\n\\","utility2-comment -->\\n\\","<h1>\\n\\","<!-- utility2-comment\\n\\","    <a\\n\\","        {{#if env.npm_package_homepage}}\\n\\","        href=\"{{env.npm_package_homepage}}\"\\n\\","        {{/if env.npm_package_homepage}}\\n\\","        target=\"_blank\"\\n\\","    >\\n\\","utility2-comment -->\\n\\","        {{env.npm_package_name}} (v{{env.npm_package_version}})\\n\\","<!-- utility2-comment\\n\\","    </a>\\n\\","utility2-comment -->\\n\\","</h1>\\n\\","<h3>{{env.npm_package_description}}</h3>\\n\\","<!-- utility2-comment\\n\\","<h4><a download href=\"assets.app.js\">download standalone app</a></h4>\\n\\","<button class=\"onclick onreset\" id=\"testRunButton1\">run internal test</button><br>\\n\\","<div id=\"testReportDiv1\" style=\"display: none;\"></div>\\n\\","utility2-comment -->\\n\\","\\n\\","\\n\\","\\n\\","<label>stderr and stdout</label>\\n\\","<textarea class=\"resettable\" id=\"outputTextareaStdout1\" readonly></textarea>\\n\\","<!-- utility2-comment\\n\\","{{#if isRollup}}\\n\\","<script src=\"assets.app.js\"></script>\\n\\","{{#unless isRollup}}\\n\\","utility2-comment -->\\n\\","<script src=\"assets.utility2.rollup.js\"></script>\\n\\","<script src=\"jsonp.utility2._stateInit?callback=window.utility2._stateInit\"></script>\\n\\","<script src=\"assets.npmtest_lory_js.rollup.js\"></script>\\n\\","<script src=\"assets.example.js\"></script>\\n\\","<script src=\"assets.test.js\"></script>\\n\\","<!-- utility2-comment\\n\\","{{/if isRollup}}\\n\\","utility2-comment -->\\n\\","<div class=\"utility2FooterDiv\">\\n\\","    [ this app was created with\\n\\","    <a href=\"https://github.com/kaizhu256/node-utility2\" target=\"_blank\">utility2</a>\\n\\","    ]\\n\\","</div>\\n\\","</body>\\n\\","</html>\\n\\","';","        /* jslint-ignore-end */","        if (local.templateRender) {","            local.assetsDict['/'] = local.templateRender(","                local.assetsDict['/assets.index.template.html'],","                {","                    env: local.objectSetDefault(local.env, {","                        npm_package_description: 'the greatest app in the world!',","                        npm_package_name: 'my-app',","                        npm_package_nameAlias: 'my_app',","                        npm_package_version: '0.0.1'","                    })","                }","            );","        } else {","            local.assetsDict['/'] = local.assetsDict['/assets.index.template.html']","                .replace((/\\{\\{env\\.(\\w+?)\\}\\}/g), function (match0, match1) {","                    // jslint-hack","                    String(match0);","                    switch (match1) {","                    case 'npm_package_description':","                        return 'the greatest app in the world!';","                    case 'npm_package_name':","                        return 'my-app';","                    case 'npm_package_nameAlias':","                        return 'my_app';","                    case 'npm_package_version':","                        return '0.0.1';","                    }","                });","        }","        // run the cli","        if (local.global.utility2_rollup || module !== require.main) {","            break;","        }","        local.assetsDict['/assets.example.js'] =","            local.assetsDict['/assets.example.js'] ||","            local.fs.readFileSync(__filename, 'utf8');","        // bug-workaround - long $npm_package_buildCustomOrg","        /* jslint-ignore-begin */","        local.assetsDict['/assets.npmtest_lory_js.rollup.js'] =","            local.assetsDict['/assets.npmtest_lory_js.rollup.js'] ||","            local.fs.readFileSync(","                local.npmtest_lory_js.__dirname + '/lib.npmtest_lory_js.js',","                'utf8'","            ).replace((/^#!/), '//');","        /* jslint-ignore-end */","        local.assetsDict['/favicon.ico'] = local.assetsDict['/favicon.ico'] || '';","        // if $npm_config_timeout_exit exists,","        // then exit this process after $npm_config_timeout_exit ms","        if (Number(process.env.npm_config_timeout_exit)) {","            setTimeout(process.exit, Number(process.env.npm_config_timeout_exit));","        }","        // start server","        if (local.global.utility2_serverHttp1) {","            break;","        }","        process.env.PORT = process.env.PORT || '8081';","        console.error('server starting on port ' + process.env.PORT);","        local.http.createServer(function (request, response) {","            request.urlParsed = local.url.parse(request.url);","            if (local.assetsDict[request.urlParsed.pathname] !== undefined) {","                response.end(local.assetsDict[request.urlParsed.pathname]);","                return;","            }","            response.statusCode = 404;","            response.end();","        }).listen(process.env.PORT);","        break;","    }","}());",""],"l":{"26":2,"28":2,"33":2,"35":2,"37":2,"38":2,"39":2,"44":1,"51":2,"55":2,"59":2,"61":2,"69":1,"70":2,"76":2,"79":2,"82":2,"83":2,"85":1,"89":2,"92":1,"93":1,"94":1,"96":1,"97":1,"100":1,"101":1,"103":1,"106":1,"108":2,"114":1,"116":1,"118":1,"123":1,"124":2,"125":2,"126":3,"127":3,"128":3,"129":3,"130":1,"133":3,"134":3,"139":3,"143":1,"144":3,"145":1,"149":1,"150":1,"158":1,"160":1,"161":1,"162":1,"164":1,"166":1,"258":1,"259":1,"271":1,"274":6,"275":6,"277":1,"279":2,"281":1,"283":2,"288":1,"289":1,"291":1,"296":1,"303":1,"306":1,"307":1,"310":1,"311":1,"313":1,"314":1,"315":1,"316":1,"317":1,"318":1,"319":1,"321":1,"322":1,"324":1}},"/home/travis/build/npmtest/node-npmtest-lory.js/node_modules/lory.js/dist/lory.js":{"path":"/home/travis/build/npmtest/node-npmtest-lory.js/node_modules/lory.js/dist/lory.js","s":{"1":2,"2":2,"3":2,"4":0,"5":0,"6":0,"7":0,"8":0,"9":2,"10":2,"11":1,"12":10,"13":0,"14":10,"15":10,"16":2,"17":2,"18":2,"19":2,"20":2,"21":2,"22":2,"23":2,"24":2,"25":0,"26":0,"27":0,"28":0,"29":0,"30":0,"31":2,"32":2,"33":2,"34":2,"35":0,"36":0,"37":0,"38":1,"39":2,"40":0,"41":1,"42":0,"43":0,"44":0,"45":0,"46":0,"47":0,"48":0,"49":0,"50":0,"51":0,"52":0,"53":0,"54":0,"55":0,"56":1,"57":0,"58":0,"59":0,"60":0,"61":0,"62":0,"63":1,"64":0,"65":0,"66":0,"67":0,"68":0,"69":0,"70":0,"71":0,"72":0,"73":0,"74":0,"75":0,"76":1,"77":0,"78":1,"79":0,"80":0,"81":0,"82":0,"83":0,"84":0,"85":0,"86":1,"87":0,"88":0,"89":0,"90":0,"91":0,"92":0,"93":0,"94":0,"95":0,"96":0,"97":0,"98":0,"99":0,"100":0,"101":0,"102":0,"103":0,"104":0,"105":0,"106":0,"107":0,"108":0,"109":0,"110":0,"111":0,"112":0,"113":0,"114":0,"115":0,"116":0,"117":0,"118":0,"119":0,"120":0,"121":0,"122":0,"123":0,"124":0,"125":0,"126":1,"127":0,"128":0,"129":0,"130":0,"131":0,"132":0,"133":0,"134":0,"135":0,"136":0,"137":0,"138":0,"139":0,"140":0,"141":0,"142":0,"143":0,"144":0,"145":0,"146":0,"147":0,"148":0,"149":0,"150":0,"151":0,"152":0,"153":0,"154":0,"155":0,"156":0,"157":1,"158":0,"159":0,"160":0,"161":0,"162":0,"163":0,"164":0,"165":0,"166":0,"167":0,"168":0,"169":0,"170":0,"171":0,"172":0,"173":0,"174":0,"175":0,"176":0,"177":0,"178":0,"179":0,"180":0,"181":1,"182":0,"183":1,"184":0,"185":1,"186":0,"187":1,"188":0,"189":1,"190":0,"191":0,"192":0,"193":0,"194":0,"195":0,"196":0,"197":0,"198":0,"199":0,"200":0,"201":0,"202":0,"203":0,"204":0,"205":0,"206":0,"207":0,"208":0,"209":0,"210":0,"211":0,"212":0,"213":1,"214":0,"215":0,"216":0,"217":1,"218":0,"219":0,"220":0,"221":0,"222":0,"223":0,"224":0,"225":0,"226":0,"227":0,"228":0,"229":0,"230":0,"231":0,"232":0,"233":1,"234":0,"235":0,"236":0,"237":0,"238":0,"239":0,"240":0,"241":0,"242":0,"243":0,"244":1,"245":0,"246":0,"247":0,"248":0,"249":0,"250":0,"251":0,"252":0,"253":0,"254":0,"255":0,"256":0,"257":0,"258":0,"259":0,"260":1,"261":0,"262":0,"263":1,"264":0,"265":0,"266":0,"267":0,"268":2,"269":2,"270":2,"271":1,"272":0,"273":0,"274":0,"275":0,"276":0,"277":0,"278":0,"279":0,"280":0,"281":0,"282":0,"283":0,"284":0,"285":0,"286":0,"287":0,"288":0,"289":0,"290":0,"291":0,"292":0,"293":0,"294":0,"295":0,"296":0,"297":2,"298":2,"299":2,"300":2,"301":0,"302":1,"303":0,"304":1,"305":0,"306":0,"307":2,"308":2,"309":1,"310":2,"311":2,"312":0,"313":2,"314":2,"315":0,"316":0,"317":0,"318":0,"319":0,"320":0,"321":0,"322":0,"323":0,"324":0,"325":0,"326":0,"327":0,"328":0,"329":0,"330":2,"331":0,"332":0},"b":{"1":[2,0],"2":[2,2],"3":[0,0],"4":[0,0],"5":[0,0],"6":[0,10],"7":[2,0],"8":[0,0],"9":[2,0],"10":[2,2],"11":[0,0],"12":[0,0],"13":[0,0],"14":[0,0],"15":[0,0],"16":[0,0],"17":[0,0],"18":[0,0],"19":[0,0],"20":[0,0],"21":[0,0],"22":[0,0],"23":[0,0,0],"24":[0,0],"25":[0,0],"26":[0,0,0],"27":[0,0],"28":[0,0],"29":[0,0],"30":[0,0],"31":[0,0],"32":[0,0],"33":[0,0],"34":[0,0],"35":[0,0],"36":[0,0],"37":[0,0],"38":[0,0],"39":[0,0],"40":[0,0],"41":[0,0],"42":[0,0],"43":[0,0],"44":[0,0],"45":[0,0],"46":[0,0],"47":[0,0],"48":[0,0],"49":[0,0],"50":[0,0],"51":[0,0],"52":[0,0],"53":[0,0],"54":[0,0],"55":[0,0,0],"56":[0,0,0,0],"57":[0,0],"58":[0,0],"59":[0,0],"60":[0,0],"61":[0,0],"62":[0,0],"63":[0,0],"64":[0,0],"65":[0,0],"66":[0,0],"67":[0,0],"68":[0,0],"69":[0,2],"70":[0,0],"71":[0,0],"72":[0,0]},"f":{"1":2,"2":2,"3":2,"4":10,"5":2,"6":2,"7":0,"8":2,"9":0,"10":0,"11":0,"12":0,"13":0,"14":0,"15":0,"16":0,"17":0,"18":0,"19":0,"20":0,"21":0,"22":0,"23":0,"24":0,"25":0,"26":0,"27":0,"28":0,"29":0,"30":0,"31":0,"32":0,"33":0,"34":2,"35":2,"36":0,"37":0,"38":2,"39":2,"40":0,"41":0,"42":2,"43":2,"44":2,"45":0,"46":0,"47":2,"48":0},"fnMap":{"1":{"name":"webpackUniversalModuleDefinition","line":1,"loc":{"start":{"line":1,"column":1},"end":{"line":1,"column":58}}},"2":{"name":"(anonymous_2)","line":10,"loc":{"start":{"line":10,"column":9},"end":{"line":10,"column":20}}},"3":{"name":"(anonymous_3)","line":11,"loc":{"start":{"line":11,"column":17},"end":{"line":11,"column":35}}},"4":{"name":"__webpack_require__","line":16,"loc":{"start":{"line":16,"column":10},"end":{"line":16,"column":49}}},"5":{"name":"(anonymous_5)","line":55,"loc":{"start":{"line":55,"column":6},"end":{"line":55,"column":53}}},"6":{"name":"(anonymous_6)","line":62,"loc":{"start":{"line":62,"column":6},"end":{"line":62,"column":53}}},"7":{"name":"(anonymous_7)","line":70,"loc":{"start":{"line":70,"column":33},"end":{"line":70,"column":51}}},"8":{"name":"_interopRequireDefault","line":86,"loc":{"start":{"line":86,"column":1},"end":{"line":86,"column":38}}},"9":{"name":"lory","line":90,"loc":{"start":{"line":90,"column":1},"end":{"line":90,"column":29}}},"10":{"name":"setActiveElement","line":120,"loc":{"start":{"line":120,"column":5},"end":{"line":120,"column":53}}},"11":{"name":"(anonymous_11)","line":125,"loc":{"start":{"line":125,"column":24},"end":{"line":125,"column":50}}},"12":{"name":"setupInfinite","line":141,"loc":{"start":{"line":141,"column":5},"end":{"line":141,"column":40}}},"13":{"name":"(anonymous_13)","line":149,"loc":{"start":{"line":149,"column":23},"end":{"line":149,"column":42}}},"14":{"name":"(anonymous_14)","line":155,"loc":{"start":{"line":155,"column":32},"end":{"line":155,"column":51}}},"15":{"name":"dispatchSliderEvent","line":170,"loc":{"start":{"line":170,"column":5},"end":{"line":170,"column":55}}},"16":{"name":"translate","line":181,"loc":{"start":{"line":181,"column":5},"end":{"line":181,"column":44}}},"17":{"name":"slide","line":204,"loc":{"start":{"line":204,"column":5},"end":{"line":204,"column":42}}},"18":{"name":"transitionEndCallback","line":276,"loc":{"start":{"line":276,"column":37},"end":{"line":276,"column":70}}},"19":{"name":"setup","line":294,"loc":{"start":{"line":294,"column":5},"end":{"line":294,"column":22}}},"20":{"name":"reset","line":352,"loc":{"start":{"line":352,"column":5},"end":{"line":352,"column":22}}},"21":{"name":"(anonymous_21)","line":365,"loc":{"start":{"line":365,"column":41},"end":{"line":365,"column":73}}},"22":{"name":"slideTo","line":396,"loc":{"start":{"line":396,"column":5},"end":{"line":396,"column":29}}},"23":{"name":"returnIndex","line":404,"loc":{"start":{"line":404,"column":5},"end":{"line":404,"column":28}}},"24":{"name":"prev","line":412,"loc":{"start":{"line":412,"column":5},"end":{"line":412,"column":21}}},"25":{"name":"next","line":420,"loc":{"start":{"line":420,"column":5},"end":{"line":420,"column":21}}},"26":{"name":"destroy","line":428,"loc":{"start":{"line":428,"column":5},"end":{"line":428,"column":24}}},"27":{"name":"(anonymous_27)","line":454,"loc":{"start":{"line":454,"column":64},"end":{"line":454,"column":76}}},"28":{"name":"onTransitionEnd","line":469,"loc":{"start":{"line":469,"column":5},"end":{"line":469,"column":32}}},"29":{"name":"onTouchstart","line":477,"loc":{"start":{"line":477,"column":5},"end":{"line":477,"column":34}}},"30":{"name":"onTouchmove","line":511,"loc":{"start":{"line":511,"column":5},"end":{"line":511,"column":33}}},"31":{"name":"onTouchend","line":537,"loc":{"start":{"line":537,"column":5},"end":{"line":537,"column":32}}},"32":{"name":"onClick","line":594,"loc":{"start":{"line":594,"column":5},"end":{"line":594,"column":29}}},"33":{"name":"onResize","line":600,"loc":{"start":{"line":600,"column":5},"end":{"line":600,"column":30}}},"34":{"name":"(anonymous_34)","line":625,"loc":{"start":{"line":625,"column":6},"end":{"line":625,"column":32}}},"35":{"name":"(anonymous_35)","line":627,"loc":{"start":{"line":627,"column":29},"end":{"line":627,"column":46}}},"36":{"name":"detectPrefixes","line":636,"loc":{"start":{"line":636,"column":1},"end":{"line":636,"column":27}}},"37":{"name":"(anonymous_37)","line":642,"loc":{"start":{"line":642,"column":6},"end":{"line":642,"column":18}}},"38":{"name":"(anonymous_38)","line":683,"loc":{"start":{"line":683,"column":45},"end":{"line":683,"column":56}}},"39":{"name":"(anonymous_39)","line":687,"loc":{"start":{"line":687,"column":6},"end":{"line":687,"column":53}}},"40":{"name":"_interopRequireDefault","line":700,"loc":{"start":{"line":700,"column":1},"end":{"line":700,"column":38}}},"41":{"name":"dispatchEvent","line":709,"loc":{"start":{"line":709,"column":1},"end":{"line":709,"column":46}}},"42":{"name":"(anonymous_42)","line":721,"loc":{"start":{"line":721,"column":6},"end":{"line":721,"column":32}}},"43":{"name":"(anonymous_43)","line":723,"loc":{"start":{"line":723,"column":29},"end":{"line":723,"column":46}}},"44":{"name":"useNative","line":726,"loc":{"start":{"line":726,"column":1},"end":{"line":726,"column":23}}},"45":{"name":"CustomEvent","line":746,"loc":{"start":{"line":746,"column":46},"end":{"line":746,"column":82}}},"46":{"name":"CustomEvent","line":757,"loc":{"start":{"line":757,"column":1},"end":{"line":757,"column":37}}},"47":{"name":"(anonymous_47)","line":772,"loc":{"start":{"line":772,"column":45},"end":{"line":772,"column":56}}},"48":{"name":"(anonymous_48)","line":776,"loc":{"start":{"line":776,"column":6},"end":{"line":776,"column":32}}}},"statementMap":{"1":{"start":{"line":1,"column":0},"end":{"line":881,"column":3}},"2":{"start":{"line":2,"column":1},"end":{"line":9,"column":2}},"3":{"start":{"line":3,"column":2},"end":{"line":3,"column":29}},"4":{"start":{"line":4,"column":6},"end":{"line":9,"column":2}},"5":{"start":{"line":5,"column":2},"end":{"line":5,"column":22}},"6":{"start":{"line":7,"column":2},"end":{"line":7,"column":20}},"7":{"start":{"line":8,"column":2},"end":{"line":8,"column":75}},"8":{"start":{"line":8,"column":18},"end":{"line":8,"column":75}},"9":{"start":{"line":11,"column":0},"end":{"line":880,"column":11}},"10":{"start":{"line":13,"column":10},"end":{"line":13,"column":36}},"11":{"start":{"line":16,"column":10},"end":{"line":37,"column":11}},"12":{"start":{"line":19,"column":11},"end":{"line":20,"column":54}},"13":{"start":{"line":20,"column":12},"end":{"line":20,"column":54}},"14":{"start":{"line":23,"column":11},"end":{"line":27,"column":13}},"15":{"start":{"line":30,"column":11},"end":{"line":30,"column":95}},"16":{"start":{"line":33,"column":11},"end":{"line":33,"column":32}},"17":{"start":{"line":36,"column":11},"end":{"line":36,"column":33}},"18":{"start":{"line":41,"column":10},"end":{"line":41,"column":42}},"19":{"start":{"line":44,"column":10},"end":{"line":44,"column":51}},"20":{"start":{"line":47,"column":10},"end":{"line":47,"column":37}},"21":{"start":{"line":50,"column":10},"end":{"line":50,"column":40}},"22":{"start":{"line":57,"column":1},"end":{"line":57,"column":41}},"23":{"start":{"line":66,"column":1},"end":{"line":68,"column":4}},"24":{"start":{"line":70,"column":1},"end":{"line":70,"column":258}},"25":{"start":{"line":70,"column":53},"end":{"line":70,"column":240}},"26":{"start":{"line":70,"column":98},"end":{"line":70,"column":124}},"27":{"start":{"line":70,"column":125},"end":{"line":70,"column":238}},"28":{"start":{"line":70,"column":151},"end":{"line":70,"column":236}},"29":{"start":{"line":70,"column":208},"end":{"line":70,"column":234}},"30":{"start":{"line":70,"column":241},"end":{"line":70,"column":255}},"31":{"start":{"line":72,"column":1},"end":{"line":72,"column":21}},"32":{"start":{"line":74,"column":1},"end":{"line":74,"column":46}},"33":{"start":{"line":76,"column":1},"end":{"line":76,"column":64}},"34":{"start":{"line":78,"column":1},"end":{"line":78,"column":45}},"35":{"start":{"line":80,"column":1},"end":{"line":80,"column":62}},"36":{"start":{"line":82,"column":1},"end":{"line":82,"column":40}},"37":{"start":{"line":84,"column":1},"end":{"line":84,"column":52}},"38":{"start":{"line":86,"column":1},"end":{"line":86,"column":96}},"39":{"start":{"line":86,"column":40},"end":{"line":86,"column":94}},"40":{"start":{"line":88,"column":1},"end":{"line":88,"column":35}},"41":{"start":{"line":90,"column":1},"end":{"line":621,"column":2}},"42":{"start":{"line":91,"column":5},"end":{"line":91,"column":27}},"43":{"start":{"line":92,"column":5},"end":{"line":92,"column":30}},"44":{"start":{"line":93,"column":5},"end":{"line":93,"column":29}},"45":{"start":{"line":94,"column":5},"end":{"line":94,"column":25}},"46":{"start":{"line":99,"column":5},"end":{"line":99,"column":24}},"47":{"start":{"line":100,"column":5},"end":{"line":100,"column":33}},"48":{"start":{"line":101,"column":5},"end":{"line":101,"column":27}},"49":{"start":{"line":102,"column":5},"end":{"line":102,"column":27}},"50":{"start":{"line":103,"column":5},"end":{"line":103,"column":27}},"51":{"start":{"line":104,"column":5},"end":{"line":104,"column":40}},"52":{"start":{"line":106,"column":5},"end":{"line":106,"column":19}},"53":{"start":{"line":107,"column":5},"end":{"line":107,"column":22}},"54":{"start":{"line":112,"column":5},"end":{"line":114,"column":6}},"55":{"start":{"line":113,"column":9},"end":{"line":113,"column":28}},"56":{"start":{"line":120,"column":5},"end":{"line":132,"column":6}},"57":{"start":{"line":121,"column":9},"end":{"line":121,"column":32}},"58":{"start":{"line":122,"column":9},"end":{"line":122,"column":66}},"59":{"start":{"line":125,"column":9},"end":{"line":129,"column":12}},"60":{"start":{"line":126,"column":13},"end":{"line":128,"column":14}},"61":{"start":{"line":127,"column":17},"end":{"line":127,"column":64}},"62":{"start":{"line":131,"column":9},"end":{"line":131,"column":66}},"63":{"start":{"line":141,"column":5},"end":{"line":164,"column":6}},"64":{"start":{"line":142,"column":9},"end":{"line":142,"column":33}},"65":{"start":{"line":143,"column":9},"end":{"line":143,"column":43}},"66":{"start":{"line":146,"column":9},"end":{"line":146,"column":51}},"67":{"start":{"line":147,"column":9},"end":{"line":147,"column":86}},"68":{"start":{"line":149,"column":9},"end":{"line":153,"column":12}},"69":{"start":{"line":150,"column":13},"end":{"line":150,"column":50}},"70":{"start":{"line":152,"column":13},"end":{"line":152,"column":48}},"71":{"start":{"line":155,"column":9},"end":{"line":159,"column":12}},"72":{"start":{"line":156,"column":13},"end":{"line":156,"column":50}},"73":{"start":{"line":158,"column":13},"end":{"line":158,"column":76}},"74":{"start":{"line":161,"column":9},"end":{"line":161,"column":82}},"75":{"start":{"line":163,"column":9},"end":{"line":163,"column":52}},"76":{"start":{"line":170,"column":5},"end":{"line":172,"column":6}},"77":{"start":{"line":171,"column":9},"end":{"line":171,"column":79}},"78":{"start":{"line":181,"column":5},"end":{"line":194,"column":6}},"79":{"start":{"line":182,"column":9},"end":{"line":182,"column":60}},"80":{"start":{"line":184,"column":9},"end":{"line":193,"column":10}},"81":{"start":{"line":185,"column":13},"end":{"line":185,"column":66}},"82":{"start":{"line":186,"column":13},"end":{"line":186,"column":71}},"83":{"start":{"line":188,"column":13},"end":{"line":192,"column":14}},"84":{"start":{"line":189,"column":17},"end":{"line":189,"column":79}},"85":{"start":{"line":191,"column":17},"end":{"line":191,"column":74}},"86":{"start":{"line":204,"column":5},"end":{"line":288,"column":6}},"87":{"start":{"line":205,"column":9},"end":{"line":205,"column":33}},"88":{"start":{"line":206,"column":9},"end":{"line":206,"column":47}},"89":{"start":{"line":207,"column":9},"end":{"line":207,"column":55}},"90":{"start":{"line":208,"column":9},"end":{"line":208,"column":43}},"91":{"start":{"line":209,"column":9},"end":{"line":209,"column":39}},"92":{"start":{"line":210,"column":9},"end":{"line":210,"column":49}},"93":{"start":{"line":211,"column":9},"end":{"line":211,"column":35}},"94":{"start":{"line":212,"column":9},"end":{"line":212,"column":67}},"95":{"start":{"line":215,"column":9},"end":{"line":215,"column":35}},"96":{"start":{"line":217,"column":9},"end":{"line":217,"column":59}},"97":{"start":{"line":218,"column":9},"end":{"line":218,"column":62}},"98":{"start":{"line":220,"column":9},"end":{"line":223,"column":12}},"99":{"start":{"line":225,"column":9},"end":{"line":231,"column":10}},"100":{"start":{"line":226,"column":13},"end":{"line":230,"column":14}},"101":{"start":{"line":227,"column":17},"end":{"line":227,"column":52}},"102":{"start":{"line":229,"column":17},"end":{"line":229,"column":52}},"103":{"start":{"line":233,"column":9},"end":{"line":233,"column":73}},"104":{"start":{"line":235,"column":9},"end":{"line":237,"column":10}},"105":{"start":{"line":236,"column":13},"end":{"line":236,"column":35}},"106":{"start":{"line":239,"column":9},"end":{"line":239,"column":99}},"107":{"start":{"line":241,"column":9},"end":{"line":245,"column":10}},"108":{"start":{"line":242,"column":13},"end":{"line":242,"column":28}},"109":{"start":{"line":243,"column":13},"end":{"line":243,"column":27}},"110":{"start":{"line":244,"column":13},"end":{"line":244,"column":36}},"111":{"start":{"line":250,"column":9},"end":{"line":250,"column":47}},"112":{"start":{"line":255,"column":9},"end":{"line":255,"column":33}},"113":{"start":{"line":261,"column":9},"end":{"line":263,"column":10}},"114":{"start":{"line":262,"column":13},"end":{"line":262,"column":31}},"115":{"start":{"line":265,"column":9},"end":{"line":279,"column":10}},"116":{"start":{"line":266,"column":13},"end":{"line":268,"column":14}},"117":{"start":{"line":267,"column":17},"end":{"line":267,"column":34}},"118":{"start":{"line":270,"column":13},"end":{"line":272,"column":14}},"119":{"start":{"line":271,"column":17},"end":{"line":271,"column":54}},"120":{"start":{"line":274,"column":13},"end":{"line":274,"column":56}},"121":{"start":{"line":276,"column":13},"end":{"line":278,"column":15}},"122":{"start":{"line":277,"column":17},"end":{"line":277,"column":72}},"123":{"start":{"line":281,"column":9},"end":{"line":283,"column":10}},"124":{"start":{"line":282,"column":13},"end":{"line":282,"column":57}},"125":{"start":{"line":285,"column":9},"end":{"line":287,"column":12}},"126":{"start":{"line":294,"column":5},"end":{"line":346,"column":6}},"127":{"start":{"line":295,"column":9},"end":{"line":295,"column":47}},"128":{"start":{"line":297,"column":9},"end":{"line":297,"column":52}},"129":{"start":{"line":298,"column":9},"end":{"line":298,"column":58}},"130":{"start":{"line":300,"column":9},"end":{"line":300,"column":33}},"131":{"start":{"line":301,"column":9},"end":{"line":301,"column":55}},"132":{"start":{"line":302,"column":9},"end":{"line":302,"column":73}},"133":{"start":{"line":303,"column":9},"end":{"line":303,"column":61}},"134":{"start":{"line":304,"column":9},"end":{"line":304,"column":61}},"135":{"start":{"line":305,"column":9},"end":{"line":305,"column":61}},"136":{"start":{"line":306,"column":9},"end":{"line":306,"column":67}},"137":{"start":{"line":309,"column":9},"end":{"line":309,"column":66}},"138":{"start":{"line":310,"column":9},"end":{"line":310,"column":83}},"139":{"start":{"line":311,"column":9},"end":{"line":311,"column":72}},"140":{"start":{"line":312,"column":9},"end":{"line":312,"column":72}},"141":{"start":{"line":314,"column":9},"end":{"line":317,"column":11}},"142":{"start":{"line":319,"column":9},"end":{"line":323,"column":10}},"143":{"start":{"line":320,"column":13},"end":{"line":320,"column":73}},"144":{"start":{"line":322,"column":13},"end":{"line":322,"column":58}},"145":{"start":{"line":325,"column":9},"end":{"line":325,"column":17}},"146":{"start":{"line":327,"column":9},"end":{"line":329,"column":10}},"147":{"start":{"line":328,"column":13},"end":{"line":328,"column":45}},"148":{"start":{"line":331,"column":9},"end":{"line":334,"column":10}},"149":{"start":{"line":332,"column":13},"end":{"line":332,"column":54}},"150":{"start":{"line":333,"column":13},"end":{"line":333,"column":54}},"151":{"start":{"line":336,"column":9},"end":{"line":336,"column":60}},"152":{"start":{"line":338,"column":9},"end":{"line":341,"column":10}},"153":{"start":{"line":339,"column":13},"end":{"line":339,"column":63}},"154":{"start":{"line":340,"column":13},"end":{"line":340,"column":54}},"155":{"start":{"line":343,"column":9},"end":{"line":343,"column":61}},"156":{"start":{"line":345,"column":9},"end":{"line":345,"column":46}},"157":{"start":{"line":352,"column":5},"end":{"line":390,"column":6}},"158":{"start":{"line":353,"column":9},"end":{"line":353,"column":33}},"159":{"start":{"line":354,"column":9},"end":{"line":354,"column":43}},"160":{"start":{"line":355,"column":9},"end":{"line":355,"column":35}},"161":{"start":{"line":356,"column":9},"end":{"line":356,"column":49}},"162":{"start":{"line":357,"column":9},"end":{"line":357,"column":55}},"163":{"start":{"line":358,"column":9},"end":{"line":358,"column":67}},"164":{"start":{"line":361,"column":9},"end":{"line":361,"column":98}},"165":{"start":{"line":362,"column":9},"end":{"line":362,"column":79}},"166":{"start":{"line":364,"column":9},"end":{"line":368,"column":10}},"167":{"start":{"line":365,"column":13},"end":{"line":367,"column":19}},"168":{"start":{"line":366,"column":17},"end":{"line":366,"column":97}},"169":{"start":{"line":370,"column":9},"end":{"line":375,"column":10}},"170":{"start":{"line":371,"column":13},"end":{"line":371,"column":23}},"171":{"start":{"line":373,"column":13},"end":{"line":373,"column":25}},"172":{"start":{"line":374,"column":13},"end":{"line":374,"column":29}},"173":{"start":{"line":377,"column":9},"end":{"line":385,"column":10}},"174":{"start":{"line":378,"column":13},"end":{"line":378,"column":74}},"175":{"start":{"line":380,"column":13},"end":{"line":380,"column":38}},"176":{"start":{"line":381,"column":13},"end":{"line":381,"column":56}},"177":{"start":{"line":383,"column":13},"end":{"line":383,"column":73}},"178":{"start":{"line":384,"column":13},"end":{"line":384,"column":56}},"179":{"start":{"line":387,"column":9},"end":{"line":389,"column":10}},"180":{"start":{"line":388,"column":13},"end":{"line":388,"column":57}},"181":{"start":{"line":396,"column":5},"end":{"line":398,"column":6}},"182":{"start":{"line":397,"column":9},"end":{"line":397,"column":22}},"183":{"start":{"line":404,"column":5},"end":{"line":406,"column":6}},"184":{"start":{"line":405,"column":9},"end":{"line":405,"column":46}},"185":{"start":{"line":412,"column":5},"end":{"line":414,"column":6}},"186":{"start":{"line":413,"column":9},"end":{"line":413,"column":29}},"187":{"start":{"line":420,"column":5},"end":{"line":422,"column":6}},"188":{"start":{"line":421,"column":9},"end":{"line":421,"column":28}},"189":{"start":{"line":428,"column":5},"end":{"line":461,"column":6}},"190":{"start":{"line":429,"column":9},"end":{"line":429,"column":50}},"191":{"start":{"line":432,"column":9},"end":{"line":432,"column":76}},"192":{"start":{"line":433,"column":9},"end":{"line":433,"column":63}},"193":{"start":{"line":434,"column":9},"end":{"line":434,"column":61}},"194":{"start":{"line":435,"column":9},"end":{"line":435,"column":59}},"195":{"start":{"line":436,"column":9},"end":{"line":436,"column":61}},"196":{"start":{"line":437,"column":9},"end":{"line":437,"column":62}},"197":{"start":{"line":438,"column":9},"end":{"line":438,"column":58}},"198":{"start":{"line":439,"column":9},"end":{"line":439,"column":61}},"199":{"start":{"line":440,"column":9},"end":{"line":440,"column":53}},"200":{"start":{"line":442,"column":9},"end":{"line":442,"column":64}},"201":{"start":{"line":444,"column":9},"end":{"line":446,"column":10}},"202":{"start":{"line":445,"column":13},"end":{"line":445,"column":57}},"203":{"start":{"line":448,"column":9},"end":{"line":450,"column":10}},"204":{"start":{"line":449,"column":13},"end":{"line":449,"column":57}},"205":{"start":{"line":453,"column":9},"end":{"line":458,"column":10}},"206":{"start":{"line":454,"column":13},"end":{"line":457,"column":16}},"207":{"start":{"line":455,"column":17},"end":{"line":455,"column":71}},"208":{"start":{"line":456,"column":17},"end":{"line":456,"column":70}},"209":{"start":{"line":460,"column":9},"end":{"line":460,"column":49}},"210":{"start":{"line":465,"column":5},"end":{"line":465,"column":30}},"211":{"start":{"line":466,"column":5},"end":{"line":466,"column":24}},"212":{"start":{"line":467,"column":5},"end":{"line":467,"column":30}},"213":{"start":{"line":469,"column":5},"end":{"line":475,"column":6}},"214":{"start":{"line":470,"column":9},"end":{"line":474,"column":10}},"215":{"start":{"line":471,"column":13},"end":{"line":471,"column":37}},"216":{"start":{"line":473,"column":13},"end":{"line":473,"column":47}},"217":{"start":{"line":477,"column":5},"end":{"line":509,"column":6}},"218":{"start":{"line":478,"column":9},"end":{"line":478,"column":33}},"219":{"start":{"line":479,"column":9},"end":{"line":479,"column":61}},"220":{"start":{"line":481,"column":9},"end":{"line":481,"column":64}},"221":{"start":{"line":483,"column":9},"end":{"line":487,"column":10}},"222":{"start":{"line":484,"column":13},"end":{"line":484,"column":62}},"223":{"start":{"line":485,"column":13},"end":{"line":485,"column":59}},"224":{"start":{"line":486,"column":13},"end":{"line":486,"column":62}},"225":{"start":{"line":489,"column":9},"end":{"line":489,"column":58}},"226":{"start":{"line":490,"column":9},"end":{"line":490,"column":56}},"227":{"start":{"line":492,"column":9},"end":{"line":492,"column":35}},"228":{"start":{"line":493,"column":9},"end":{"line":493,"column":35}},"229":{"start":{"line":496,"column":9},"end":{"line":500,"column":11}},"230":{"start":{"line":502,"column":9},"end":{"line":502,"column":33}},"231":{"start":{"line":504,"column":9},"end":{"line":504,"column":20}},"232":{"start":{"line":506,"column":9},"end":{"line":508,"column":12}},"233":{"start":{"line":511,"column":5},"end":{"line":535,"column":6}},"234":{"start":{"line":512,"column":9},"end":{"line":512,"column":64}},"235":{"start":{"line":513,"column":9},"end":{"line":513,"column":35}},"236":{"start":{"line":514,"column":9},"end":{"line":514,"column":35}},"237":{"start":{"line":517,"column":9},"end":{"line":520,"column":11}},"238":{"start":{"line":522,"column":9},"end":{"line":524,"column":10}},"239":{"start":{"line":523,"column":13},"end":{"line":523,"column":84}},"240":{"start":{"line":526,"column":9},"end":{"line":529,"column":10}},"241":{"start":{"line":527,"column":13},"end":{"line":527,"column":36}},"242":{"start":{"line":528,"column":13},"end":{"line":528,"column":54}},"243":{"start":{"line":532,"column":9},"end":{"line":534,"column":12}},"244":{"start":{"line":537,"column":5},"end":{"line":592,"column":6}},"245":{"start":{"line":542,"column":9},"end":{"line":542,"column":80}},"246":{"start":{"line":555,"column":9},"end":{"line":555,"column":110}},"247":{"start":{"line":566,"column":9},"end":{"line":566,"column":97}},"248":{"start":{"line":568,"column":9},"end":{"line":568,"column":37}},"249":{"start":{"line":570,"column":9},"end":{"line":576,"column":10}},"250":{"start":{"line":571,"column":13},"end":{"line":575,"column":14}},"251":{"start":{"line":572,"column":17},"end":{"line":572,"column":41}},"252":{"start":{"line":574,"column":17},"end":{"line":574,"column":62}},"253":{"start":{"line":578,"column":9},"end":{"line":578,"column":33}},"254":{"start":{"line":583,"column":9},"end":{"line":583,"column":61}},"255":{"start":{"line":584,"column":9},"end":{"line":584,"column":59}},"256":{"start":{"line":585,"column":9},"end":{"line":585,"column":61}},"257":{"start":{"line":586,"column":9},"end":{"line":586,"column":58}},"258":{"start":{"line":587,"column":9},"end":{"line":587,"column":61}},"259":{"start":{"line":589,"column":9},"end":{"line":591,"column":12}},"260":{"start":{"line":594,"column":5},"end":{"line":598,"column":6}},"261":{"start":{"line":595,"column":9},"end":{"line":597,"column":10}},"262":{"start":{"line":596,"column":13},"end":{"line":596,"column":36}},"263":{"start":{"line":600,"column":5},"end":{"line":606,"column":6}},"264":{"start":{"line":601,"column":9},"end":{"line":601,"column":17}},"265":{"start":{"line":603,"column":9},"end":{"line":605,"column":12}},"266":{"start":{"line":609,"column":5},"end":{"line":609,"column":13}},"267":{"start":{"line":612,"column":5},"end":{"line":620,"column":7}},"268":{"start":{"line":627,"column":28},"end":{"line":683,"column":77}},"269":{"start":{"line":629,"column":1},"end":{"line":631,"column":4}},"270":{"start":{"line":632,"column":1},"end":{"line":632,"column":34}},"271":{"start":{"line":636,"column":1},"end":{"line":682,"column":2}},"272":{"start":{"line":637,"column":5},"end":{"line":637,"column":28}},"273":{"start":{"line":638,"column":5},"end":{"line":638,"column":29}},"274":{"start":{"line":639,"column":5},"end":{"line":639,"column":32}},"275":{"start":{"line":640,"column":5},"end":{"line":640,"column":33}},"276":{"start":{"line":642,"column":5},"end":{"line":674,"column":10}},"277":{"start":{"line":643,"column":9},"end":{"line":643,"column":46}},"278":{"start":{"line":644,"column":9},"end":{"line":644,"column":30}},"279":{"start":{"line":646,"column":9},"end":{"line":646,"column":27}},"280":{"start":{"line":648,"column":9},"end":{"line":651,"column":10}},"281":{"start":{"line":649,"column":13},"end":{"line":649,"column":51}},"282":{"start":{"line":650,"column":13},"end":{"line":650,"column":31}},"283":{"start":{"line":653,"column":9},"end":{"line":656,"column":10}},"284":{"start":{"line":654,"column":13},"end":{"line":654,"column":45}},"285":{"start":{"line":655,"column":13},"end":{"line":655,"column":31}},"286":{"start":{"line":658,"column":9},"end":{"line":660,"column":10}},"287":{"start":{"line":659,"column":13},"end":{"line":659,"column":30}},"288":{"start":{"line":662,"column":9},"end":{"line":664,"column":10}},"289":{"start":{"line":663,"column":13},"end":{"line":663,"column":30}},"290":{"start":{"line":666,"column":9},"end":{"line":668,"column":10}},"291":{"start":{"line":667,"column":13},"end":{"line":667,"column":30}},"292":{"start":{"line":670,"column":9},"end":{"line":670,"column":46}},"293":{"start":{"line":671,"column":9},"end":{"line":671,"column":51}},"294":{"start":{"line":672,"column":9},"end":{"line":672,"column":84}},"295":{"start":{"line":673,"co
[...]
Offset = {","\t            x: pageX,","\t            y: pageY,","\t            time: Date.now()","\t        };","\t","\t        isScrolling = undefined;","\t","\t        delta = {};","\t","\t        dispatchSliderEvent('on', 'touchstart', {","\t            event: event","\t        });","\t    }","\t","\t    function onTouchmove(event) {","\t        var touches = event.touches ? event.touches[0] : event;","\t        var pageX = touches.pageX;","\t        var pageY = touches.pageY;","\t","\t","\t        delta = {","\t            x: pageX - touchOffset.x,","\t            y: pageY - touchOffset.y","\t        };","\t","\t        if (typeof isScrolling === 'undefined') {","\t            isScrolling = !!(isScrolling || Math.abs(delta.x) < Math.abs(delta.y));","\t        }","\t","\t        if (!isScrolling && touchOffset) {","\t            event.preventDefault();","\t            translate(position.x + delta.x, 0, null);","\t        }","\t","\t        // may be","\t        dispatchSliderEvent('on', 'touchmove', {","\t            event: event","\t        });","\t    }","\t","\t    function onTouchend(event) {","\t        /**","\t         * time between touchstart and touchend in milliseconds","\t         * @duration {number}","\t         */","\t        var duration = touchOffset ? Date.now() - touchOffset.time : undefined;","\t","\t        /**","\t         * is valid if:","\t         *","\t         * -> swipe attempt time is over 300 ms","\t         * and","\t         * -> swipe distance is greater than 25px","\t         * or","\t         * -> swipe distance is more then a third of the swipe area","\t         *","\t         * @isValidSlide {Boolean}","\t         */","\t        var isValid = Number(duration) < 300 && Math.abs(delta.x) > 25 || Math.abs(delta.x) > frameWidth / 3;","\t","\t        /**","\t         * is out of bounds if:","\t         *","\t         * -> index is 0 and delta x is greater than 0","\t         * or","\t         * -> index is the last slide and delta is smaller than 0","\t         *","\t         * @isOutOfBounds {Boolean}","\t         */","\t        var isOutOfBounds = !index && delta.x > 0 || index === slides.length - 1 && delta.x < 0;","\t","\t        var direction = delta.x < 0;","\t","\t        if (!isScrolling) {","\t            if (isValid && !isOutOfBounds) {","\t                slide(false, direction);","\t            } else {","\t                translate(position.x, options.snapBackSpeed);","\t            }","\t        }","\t","\t        touchOffset = undefined;","\t","\t        /**","\t         * remove eventlisteners after swipe attempt","\t         */","\t        frame.removeEventListener('touchmove', onTouchmove);","\t        frame.removeEventListener('touchend', onTouchend);","\t        frame.removeEventListener('mousemove', onTouchmove);","\t        frame.removeEventListener('mouseup', onTouchend);","\t        frame.removeEventListener('mouseleave', onTouchend);","\t","\t        dispatchSliderEvent('on', 'touchend', {","\t            event: event","\t        });","\t    }","\t","\t    function onClick(event) {","\t        if (delta.x) {","\t            event.preventDefault();","\t        }","\t    }","\t","\t    function onResize(event) {","\t        reset();","\t","\t        dispatchSliderEvent('on', 'resize', {","\t            event: event","\t        });","\t    }","\t","\t    // trigger initial setup","\t    setup();","\t","\t    // expose public api","\t    return {","\t        setup: setup,","\t        reset: reset,","\t        slideTo: slideTo,","\t        returnIndex: returnIndex,","\t        prev: prev,","\t        next: next,","\t        destroy: destroy","\t    };","\t}","","/***/ },","/* 2 */","/***/ function(module, exports) {","","\t/* WEBPACK VAR INJECTION */(function(global) {'use strict';","\t","\tObject.defineProperty(exports, \"__esModule\", {","\t    value: true","\t});","\texports.default = detectPrefixes;","\t/**","\t * Detecting prefixes for saving time and bytes","\t */","\tfunction detectPrefixes() {","\t    var transform = void 0;","\t    var transition = void 0;","\t    var transitionEnd = void 0;","\t    var hasTranslate3d = void 0;","\t","\t    (function () {","\t        var el = document.createElement('_');","\t        var style = el.style;","\t","\t        var prop = void 0;","\t","\t        if (style[prop = 'webkitTransition'] === '') {","\t            transitionEnd = 'webkitTransitionEnd';","\t            transition = prop;","\t        }","\t","\t        if (style[prop = 'transition'] === '') {","\t            transitionEnd = 'transitionend';","\t            transition = prop;","\t        }","\t","\t        if (style[prop = 'webkitTransform'] === '') {","\t            transform = prop;","\t        }","\t","\t        if (style[prop = 'msTransform'] === '') {","\t            transform = prop;","\t        }","\t","\t        if (style[prop = 'transform'] === '') {","\t            transform = prop;","\t        }","\t","\t        document.body.insertBefore(el, null);","\t        style[transform] = 'translate3d(0, 0, 0)';","\t        hasTranslate3d = !!global.getComputedStyle(el).getPropertyValue(transform);","\t        document.body.removeChild(el);","\t    })();","\t","\t    return {","\t        transform: transform,","\t        transition: transition,","\t        transitionEnd: transitionEnd,","\t        hasTranslate3d: hasTranslate3d","\t    };","\t}","\t/* WEBPACK VAR INJECTION */}.call(exports, (function() { return this; }())))","","/***/ },","/* 3 */","/***/ function(module, exports, __webpack_require__) {","","\t'use strict';","\t","\tObject.defineProperty(exports, \"__esModule\", {","\t    value: true","\t});","\texports.default = dispatchEvent;","\t","\tvar _customEvent = __webpack_require__(4);","\t","\tvar _customEvent2 = _interopRequireDefault(_customEvent);","\t","\tfunction _interopRequireDefault(obj) { return obj && obj.__esModule ? obj : { default: obj }; }","\t","\t/**","\t * dispatch custom events","\t *","\t * @param  {element} el         slideshow element","\t * @param  {string}  type       custom event name","\t * @param  {object}  detail     custom detail information","\t */","\tfunction dispatchEvent(target, type, detail) {","\t    var event = new _customEvent2.default(type, {","\t        bubbles: true,","\t        cancelable: true,","\t        detail: detail","\t    });","\t","\t    target.dispatchEvent(event);","\t}","","/***/ },","/* 4 */","/***/ function(module, exports) {","","\t/* WEBPACK VAR INJECTION */(function(global) {","\tvar NativeCustomEvent = global.CustomEvent;","\t","\tfunction useNative () {","\t  try {","\t    var p = new NativeCustomEvent('cat', { detail: { foo: 'bar' } });","\t    return  'cat' === p.type && 'bar' === p.detail.foo;","\t  } catch (e) {","\t  }","\t  return false;","\t}","\t","\t/**","\t * Cross-browser `CustomEvent` constructor.","\t *","\t * https://developer.mozilla.org/en-US/docs/Web/API/CustomEvent.CustomEvent","\t *","\t * @public","\t */","\t","\tmodule.exports = useNative() ? NativeCustomEvent :","\t","\t// IE >= 9","\t'function' === typeof document.createEvent ? function CustomEvent (type, params) {","\t  var e = document.createEvent('CustomEvent');","\t  if (params) {","\t    e.initCustomEvent(type, params.bubbles, params.cancelable, params.detail);","\t  } else {","\t    e.initCustomEvent(type, false, false, void 0);","\t  }","\t  return e;","\t} :","\t","\t// IE <= 8","\tfunction CustomEvent (type, params) {","\t  var e = document.createEventObject();","\t  e.type = type;","\t  if (params) {","\t    e.bubbles = Boolean(params.bubbles);","\t    e.cancelable = Boolean(params.cancelable);","\t    e.detail = params.detail;","\t  } else {","\t    e.bubbles = false;","\t    e.cancelable = false;","\t    e.detail = void 0;","\t  }","\t  return e;","\t}","\t","\t/* WEBPACK VAR INJECTION */}.call(exports, (function() { return this; }())))","","/***/ },","/* 5 */","/***/ function(module, exports) {","","\t'use strict';","\t","\tObject.defineProperty(exports, \"__esModule\", {","\t  value: true","\t});","\texports.default = {","\t  /**","\t   * slides scrolled at once","\t   * @slidesToScroll {Number}","\t   */","\t  slidesToScroll: 1,","\t","\t  /**","\t   * time in milliseconds for the animation of a valid slide attempt","\t   * @slideSpeed {Number}","\t   */","\t  slideSpeed: 300,","\t","\t  /**","\t   * time in milliseconds for the animation of the rewind after the last slide","\t   * @rewindSpeed {Number}","\t   */","\t  rewindSpeed: 600,","\t","\t  /**","\t   * time for the snapBack of the slider if the slide attempt was not valid","\t   * @snapBackSpeed {Number}","\t   */","\t  snapBackSpeed: 200,","\t","\t  /**","\t   * Basic easing functions: https://developer.mozilla.org/de/docs/Web/CSS/transition-timing-function","\t   * cubic bezier easing functions: http://easings.net/de","\t   * @ease {String}","\t   */","\t  ease: 'ease',","\t","\t  /**","\t   * if slider reached the last slide, with next click the slider goes back to the startindex.","\t   * use infinite or rewind, not both","\t   * @rewind {Boolean}","\t   */","\t  rewind: false,","\t","\t  /**","\t   * number of visible slides or false","\t   * use infinite or rewind, not both","\t   * @infinite {number}","\t   */","\t  infinite: false,","\t","\t  /**","\t   * class name for slider frame","\t   * @classNameFrame {string}","\t   */","\t  classNameFrame: 'js_frame',","\t","\t  /**","\t   * class name for slides container","\t   * @classNameSlideContainer {string}","\t   */","\t  classNameSlideContainer: 'js_slides',","\t","\t  /**","\t   * class name for slider prev control","\t   * @classNamePrevCtrl {string}","\t   */","\t  classNamePrevCtrl: 'js_prev',","\t","\t  /**","\t   * class name for slider next control","\t   * @classNameNextCtrl {string}","\t   */","\t  classNameNextCtrl: 'js_next',","\t","\t  /**","\t   * class name for current active slide","\t   * if emptyString then no class is set","\t   * @classNameActiveSlide {string}","\t   */","\t  classNameActiveSlide: 'active',","\t","\t  /**","\t   * enables mouse events for swiping on desktop devices","\t   * @enableMouseEvents {boolean}","\t   */","\t  enableMouseEvents: false,","\t","\t  /**","\t   * window instance","\t   * @window {object}","\t   */","\t  window: window,","\t","\t  /**","\t   * If false, slides lory to the first slide on window resize.","\t   * @rewindOnResize {boolean}","\t   */","\t  rewindOnResize: true","\t};","","/***/ }","/******/ ])","});",";"],"l":{"1":2,"2":2,"3":2,"4":0,"5":0,"7":0,"8":0,"11":2,"13":2,"16":1,"19":10,"20":0,"23":10,"30":10,"33":2,"36":2,"41":2,"44":2,"47":2,"50":2,"57":2,"66":2,"70":2,"72":2,"74":2,"76":2,"78":2,"80":0,"82":0,"84":0,"86":2,"88":0,"90":1,"91":0,"92":0,"93":0,"94":0,"99":0,"100":0,"101":0,"102":0,"103":0,"104":0,"106":0,"107":0,"112":0,"113":0,"120":1,"121":0,"122":0,"125":0,"126":0,"127":0,"131":0,"141":1,"142":0,"143":0,"146":0,"147":0,"149":0,"150":0,"152":0,"155":0,"156":0,"158":0,"161":0,"163":0,"170":1,"171":0,"181":1,"182":0,"184":0,"185":0,"186":0,"188":0,"189":0,"191":0,"204":1,"205":0,"206":0,"207":0,"208":0,"209":0,"210":0,"211":0,"212":0,"215":0,"217":0,"218":0,"220":0,"225":0,"226":0,"227":0,"229":0,"233":0,"235":0,"236":0,"239":0,"241":0,"242":0,"243":0,"244":0,"250":0,"255":0,"261":0,"262":0,"265":0,"266":0,"267":0,"270":0,"271":0,"274":0,"276":0,"277":0,"281":0,"282":0,"285":0,"294":1,"295":0,"297":0,"298":0,"300":0,"301":0,"302":0,"303":0,"304":0,"305":0,"306":0,"309":0,"310":0,"311":0,"312":0,"314":0,"319":0,"320":0,"322":0,"325":0,"327":0,"328":0,"331":0,"332":0,"333":0,"336":0,"338":0,"339":0,"340":0,"343":0,"345":0,"352":1,"353":0,"354":0,"355":0,"356":0,"357":0,"358":0,"361":0,"362":0,"364":0,"365":0,"366":0,"370":0,"371":0,"373":0,"374":0,"377":0,"378":0,"380":0,"381":0,"383":0,"384":0,"387":0,"388":0,"396":1,"397":0,"404":1,"405":0,"412":1,"413":0,"420":1,"421":0,"428":1,"429":0,"432":0,"433":0,"434":0,"435":0,"436":0,"437":0,"438":0,"439":0,"440":0,"442":0,"444":0,"445":0,"448":0,"449":0,"453":0,"454":0,"455":0,"456":0,"460":0,"465":0,"466":0,"467":0,"469":1,"470":0,"471":0,"473":0,"477":1,"478":0,"479":0,"481":0,"483":0,"484":0,"485":0,"486":0,"489":0,"490":0,"492":0,"493":0,"496":0,"502":0,"504":0,"506":0,"511":1,"512":0,"513":0,"514":0,"517":0,"522":0,"523":0,"526":0,"527":0,"528":0,"532":0,"537":1,"542":0,"555":0,"566":0,"568":0,"570":0,"571":0,"572":0,"574":0,"578":0,"583":0,"584":0,"585":0,"586":0,"587":0,"589":0,"594":1,"595":0,"596":0,"600":1,"601":0,"603":0,"609":0,"612":0,"627":2,"629":2,"632":2,"636":1,"637":0,"638":0,"639":0,"640":0,"642":0,"643":0,"644":0,"646":0,"648":0,"649":0,"650":0,"653":0,"654":0,"655":0,"658":0,"659":0,"662":0,"663":0,"666":0,"667":0,"670":0,"671":0,"672":0,"673":0,"676":0,"683":2,"691":2,"694":2,"696":2,"698":0,"700":1,"709":1,"710":0,"716":0,"723":2,"724":2,"726":1,"727":2,"728":2,"729":0,"732":2,"743":2,"747":0,"748":0,"749":0,"751":0,"753":0,"758":0,"759":0,"760":0,"761":0,"762":0,"763":0,"765":0,"766":0,"767":0,"769":0,"772":2,"780":0,"783":0}},"/home/travis/build/npmtest/node-npmtest-lory.js/node_modules/lory.js/local.karma.conf.js":{"path":"/home/travis/build/npmtest/node-npmtest-lory.js/node_modules/lory.js/local.karma.conf.js","s":{"1":1,"2":0},"b":{},"f":{"1":0},"fnMap":{"1":{"name":"(anonymous_1)","line":3,"loc":{"start":{"line":3,"column":17},"end":{"line":3,"column":35}}}},"statementMap":{"1":{"start":{"line":3,"column":0},"end":{"line":53,"column":2}},"2":{"start":{"line":4,"column":4},"end":{"line":52,"column":7}}},"branchMap":{},"code":["'use strict';","","module.exports = function (config) {","    config.set({","        frameworks: [","            'mocha',","            'chai',","            'fixture'","        ],","","        reporters: [","            'mocha'","        ],","","        files: [","            'dist/lory.js',","            'test/lory.test.js',","            'static/app.css',","            'http://cdnjs.cloudflare.com/ajax/libs/classlist/2014.01.31/classList.min.js',","","            {","                pattern: 'test/*.html'","            }","        ],","","        browsers: [","            'Chrome',","            'ChromeCanary',","            'PhantomJS',","            'Firefox',","            'Safari'","        ],","","        plugins: [","            'karma-mocha',","            'karma-mocha-reporter',","            'karma-chai',","            'karma-fixture',","            'karma-chrome-launcher',","            'karma-phantomjs-launcher',","            'karma-ie-launcher',","            'karma-firefox-launcher',","            'karma-safari-launcher',","            'karma-html2js-preprocessor'","        ],","","        preprocessors: {","            'test/*.html': ['html2js']","        },","","        singleRun: true","    });","};",""],"l":{"3":1,"4":0}},"/home/travis/build/npmtest/node-npmtest-lory.js/node_modules/lory.js/saucelabs.karma.conf.js":{"path":"/home/travis/build/npmtest/node-npmtest-lory.js/node_modules/lory.js/saucelabs.karma.conf.js","s":{"1":1,"2":0,"3":0},"b":{},"f":{"1":0},"fnMap":{"1":{"name":"(anonymous_1)","line":3,"loc":{"start":{"line":3,"column":17},"end":{"line":3,"column":34}}}},"statementMap":{"1":{"start":{"line":3,"column":0},"end":{"line":108,"column":2}},"2":{"start":{"line":4,"column":4},"end":{"line":57,"column":6}},"3":{"start":{"line":59,"column":4},"end":{"line":107,"column":7}}},"branchMap":{},"code":["'use strict';","","module.exports = function(config) {","    var customLaunchers = {","        sauceLabsInternetExplorer10: {","            base: 'SauceLabs',","            browserName: 'internet explorer',","            platform: 'Windows 7',","            version: '10.0'","        },","        sauceLabsInternetExplorer11: {","            base: 'SauceLabs',","            browserName: 'internet explorer',","            platform: 'Windows 7',","            version: '11.0'","        },","        edge: {","            base: 'SauceLabs',","            browserName: 'microsoftedge'","        },","        sauceLabsChrome46: {","            base: 'SauceLabs',","            browserName: 'chrome',","            platform: 'Linux',","            version: '46.0'","        },","        sauceLabsChrome45: {","            base: 'SauceLabs',","            browserName: 'chrome',","            platform: 'Linux',","            version: '45.0'","        },","        sauceLabsFirefox41: {","            base: 'SauceLabs',","            browserName: 'firefox',","            platform: 'Linux',","            version: '41.0'","        },","        sauceLabsFirefox40: {","            base: 'SauceLabs',","            browserName: 'firefox',","            platform: 'Linux',","            version: '40.0'","        },","        sauceLabsSafari7: {","            base: 'SauceLabs',","            browserName: 'safari',","            platform: 'Mac 10.9',","            version: '7.0'","        },","        sauceLabsSafari8: {","            base: 'SauceLabs',","            browserName: 'safari',","            platform: 'Mac 10.10',","            version: '8.0'","        }","    };","","    config.set({","        sauceLabs: {","            testName: 'lory Browser Tests',","            connectOptions: {","                port: 5757","            }","        },","","        customLaunchers: customLaunchers,","        browsers: Object.keys(customLaunchers),","        reporters: ['dots', 'saucelabs'],","","        frameworks: [","            'mocha',","            'chai',","            'fixture'","        ],","","       files: [","            'dist/lory.js',","            'test/lory.test.js',","            'static/app.css',","            'http://cdnjs.cloudflare.com/ajax/libs/classlist/2014.01.31/classList.min.js',","","            {","                pattern: 'test/*.html'","            }","        ],","","        plugins: [","            'karma-mocha',","            'karma-mocha-reporter',","            'karma-chai',","            'karma-fixture',","            'karma-sauce-launcher',","            'karma-html2js-preprocessor'","        ],","","        preprocessors: {","            'test/*.html': ['html2js']","        },","","        browserDisconnectTimeout : 10000, // default 2000","        browserDisconnectTolerance : 1, // default 0","        browserNoActivityTimeout : 4*60*1000, //default 10000","        captureTimeout : 4*60*1000, //default 60000","","        singleRun: true","    });","};",""],"l":{"3":1,"4":0,"59":0}},"/home/travis/build/npmtest/node-npmtest-lory.js/node_modules/lory.js/travis.karma.conf.js":{"path":"/home/travis/build/npmtest/node-npmtest-lory.js/node_modules/lory.js/travis.karma.conf.js","s":{"1":1,"2":0},"b":{},"f":{"1":0},"fnMap":{"1":{"name":"(anonymous_1)","line":3,"loc":{"start":{"line":3,"column":17},"end":{"line":3,"column":35}}}},"statementMap":{"1":{"start":{"line":3,"column":0},"end":{"line":45,"column":2}},"2":{"start":{"line":4,"column":4},"end":{"line":44,"column":7}}},"branchMap":{},"code":["'use strict';","","module.exports = function (config) {","    config.set({","        frameworks: [","            'mocha',","            'chai',","            'fixture'","        ],","","        reporters: [","            'mocha'","        ],","","        files: [","            'dist/lory.js',","            'test/lory.test.js',","            'static/app.css',","            'http://cdnjs.cloudflare.com/ajax/libs/classlist/2014.01.31/classList.min.js',","","            {","                pattern: 'test/*.html'","            }","        ],","","        browsers: [","            'PhantomJS'","        ],","","        plugins: [","            'karma-mocha',","            'karma-mocha-reporter',","            'karma-chai',","            'karma-fixture',","            'karma-phantomjs-launcher',","            'karma-html2js-preprocessor'","        ],","","        preprocessors: {","            'test/*.html': ['html2js']","        },","","        singleRun: true","    });","};",""],"l":{"3":1,"4":0}}}